/var/spool/slurm/slurmd/job5110704/slurm_script: line 25: /home/s/sutton/njqgame/RLENV/bin/activate: No such file or directory
The number of available cores is echo 
Current working directory is /gpfs/fs0/scratch/s/sutton/njqgame/OffpolicyAlgorithms
Running on hostname nia2024.scinet.local
Starting run at: Tue Apr  6 02:53:44 EDT 2021
MountainCar
MountainCar
MountainCar
MountainCar
MountainCar
Step Limit Exceeded!
Step Limit Exceeded!
Step Limit Exceeded!
Step Limit Exceeded!
Step Limit Exceeded!
Step Limit Exceeded!
Step Limit Exceeded!
Step Limit Exceeded!
Step Limit Exceeded!
Step Limit Exceeded!
Step Limit Exceeded!
Step Limit Exceeded!
Step Limit Exceeded!
Step Limit Exceeded!
Program test finished with exit code 0 at: Tue Apr  6 02:57:35 EDT 2021

scontrol show jobid 5110704
JobId=5110704 JobName=MountainCarTileCodingFeat_Q
   UserId=njqgame(3108162) GroupId=sutton(6000291) MCS_label=N/A
   Priority=463005 Nice=0 Account=def-sutton QOS=normal
   JobState=COMPLETING Reason=None Dependency=(null)
   Requeue=0 Restarts=0 BatchFlag=1 Reboot=0 ExitCode=0:0
   RunTime=00:03:53 TimeLimit=02:59:00 TimeMin=N/A
   SubmitTime=2021-04-06T02:29:50 EligibleTime=2021-04-06T02:29:50
   AccrueTime=2021-04-06T02:29:50
   StartTime=2021-04-06T02:53:42 EndTime=2021-04-06T02:57:35 Deadline=N/A
   SuspendTime=None SecsPreSuspend=0 LastSchedEval=2021-04-06T02:53:42
   Partition=compute AllocNode:Sid=nia-login05:349101
   ReqNodeList=(null) ExcNodeList=(null)
   NodeList=nia2024
   BatchHost=nia2024
   NumNodes=1 NumCPUs=80 NumTasks=40 CPUs/Task=1 ReqB:S:C:T=0:0:*:*
   TRES=cpu=80,mem=175000M,node=1,billing=40
   Socks/Node=* NtasksPerN:B:S:C=40:0:*:* CoreSpec=*
   MinCPUsNode=40 MinMemoryNode=175000M MinTmpDiskNode=0
   Features=[skylake|cascade] DelayBoot=00:00:00
   OverSubscribe=NO Contiguous=0 Licenses=(null) Network=(null)
   Command=/gpfs/fs0/scratch/s/sutton/njqgame/OffpolicyAlgorithms/Submit_Jobs.SL
   WorkDir=/gpfs/fs0/scratch/s/sutton/njqgame/OffpolicyAlgorithms
   StdErr=/gpfs/fs0/scratch/s/sutton/njqgame/OffpolicyAlgorithms/slurm-5110704.out
   StdIn=/dev/null
   StdOut=/gpfs/fs0/scratch/s/sutton/njqgame/OffpolicyAlgorithms/slurm-5110704.out
   Power=
   MailUser=njqgame@scinet.local MailType=NONE

sacct -j 5110704
       JobID    JobName    Account    Elapsed  MaxVMSize     MaxRSS  SystemCPU    UserCPU ExitCode 
------------ ---------- ---------- ---------- ---------- ---------- ---------- ---------- -------- 
5110704      MountainC+ def-sutton   00:03:53                        00:00.688  00:00.821      0:0 
5110704.bat+      batch def-sutton   00:03:53   1223764K     41340K  00:00.688  00:00.821      0:0 
5110704.ext+     extern def-sutton   00:03:53    138360K      1068K   00:00:00   00:00:00      0:0 
