/var/spool/slurm/slurmd/job5120139/slurm_script: line 25: /home/s/sutton/njqgame/RLENV/bin/activate: No such file or directory
The number of available cores is echo 
Current working directory is /gpfs/fs0/scratch/s/sutton/njqgame/OffpolicyAlgorithms
Running on hostname nia1594.scinet.local
Starting run at: Fri Apr  9 03:31:11 EDT 2021
MountainCar




















MountainCar




















MountainCar




















MountainCar




















MountainCar



Step Limit Exceeded!
Step Limit Exceeded!



Step Limit Exceeded!
Step Limit Exceeded!
Step Limit Exceeded!
Step Limit Exceeded!
Step Limit Exceeded!
Step Limit Exceeded!

Step Limit Exceeded!





Step Limit Exceeded!





Step Limit Exceeded!


Step Limit Exceeded!

Step Limit Exceeded!
Step Limit Exceeded!
MountainCar

Step Limit Exceeded!
Step Limit Exceeded!
Step Limit Exceeded!
Step Limit Exceeded!
Step Limit Exceeded!
Step Limit Exceeded!
Step Limit Exceeded!
Step Limit Exceeded!
Step Limit Exceeded!
Step Limit Exceeded!
Step Limit Exceeded!
Step Limit Exceeded!
Step Limit Exceeded!
Step Limit Exceeded!
Step Limit Exceeded!
Step Limit Exceeded!
Step Limit Exceeded!
Step Limit Exceeded!
Step Limit Exceeded!
Step Limit Exceeded!
Step Limit Exceeded!
Step Limit Exceeded!
Step Limit Exceeded!
Step Limit Exceeded!
Step Limit Exceeded!
Step Limit Exceeded!
Step Limit Exceeded!
Step Limit Exceeded!
Step Limit Exceeded!
Step Limit Exceeded!
Step Limit Exceeded!
Step Limit Exceeded!
Step Limit Exceeded!
Step Limit Exceeded!
Step Limit Exceeded!
Step Limit Exceeded!
Step Limit Exceeded!
Step Limit Exceeded!
Step Limit Exceeded!
Step Limit Exceeded!
Step Limit Exceeded!
Step Limit Exceeded!
Step Limit Exceeded!
Step Limit Exceeded!
Step Limit Exceeded!
Step Limit Exceeded!
Step Limit Exceeded!
Step Limit Exceeded!
Step Limit Exceeded!
Step Limit Exceeded!
Step Limit Exceeded!
Step Limit Exceeded!
Step Limit Exceeded!
Step Limit Exceeded!
Step Limit Exceeded!
Step Limit Exceeded!
Step Limit Exceeded!
Step Limit Exceeded!
Step Limit Exceeded!
Step Limit Exceeded!
Step Limit Exceeded!
Step Limit Exceeded!
Step Limit Exceeded!
Step Limit Exceeded!
Step Limit Exceeded!
Step Limit Exceeded!
Step Limit Exceeded!
Step Limit Exceeded!
Step Limit Exceeded!
Step Limit Exceeded!
Step Limit Exceeded!
Step Limit Exceeded!
Step Limit Exceeded!
Step Limit Exceeded!
Step Limit Exceeded!
Step Limit Exceeded!
Step Limit Exceeded!
Step Limit Exceeded!
Step Limit Exceeded!
Step Limit Exceeded!
Step Limit Exceeded!
Step Limit Exceeded!
Step Limit Exceeded!
Step Limit Exceeded!
Step Limit Exceeded!
Step Limit Exceeded!
Step Limit Exceeded!
Step Limit Exceeded!
Step Limit Exceeded!
Step Limit Exceeded!
Step Limit Exceeded!
Step Limit Exceeded!
Step Limit Exceeded!
Step Limit Exceeded!
Step Limit Exceeded!
Step Limit Exceeded!
Step Limit Exceeded!
Step Limit Exceeded!
Step Limit Exceeded!
Step Limit Exceeded!

Step Limit Exceeded!
Step Limit Exceeded!
Step Limit Exceeded!
Step Limit Exceeded!
Step Limit Exceeded!
Step Limit Exceeded!
Step Limit Exceeded!
Step Limit Exceeded!
Step Limit Exceeded!
Step Limit Exceeded!
Step Limit Exceeded!
Step Limit Exceeded!
Step Limit Exceeded!
Step Limit Exceeded!
Step Limit Exceeded!
Step Limit Exceeded!
Step Limit Exceeded!
Step Limit Exceeded!
Step Limit Exceeded!
Step Limit Exceeded!
Step Limit Exceeded!
Step Limit Exceeded!
Step Limit Exceeded!
Step Limit Exceeded!
Step Limit Exceeded!
Step Limit Exceeded!
Step Limit Exceeded!
Step Limit Exceeded!
Step Limit Exceeded!
Step Limit Exceeded!
Step Limit Exceeded!
Step Limit Exceeded!
Step Limit Exceeded!
Step Limit Exceeded!
Step Limit Exceeded!
Step Limit Exceeded!
Step Limit Exceeded!
Step Limit Exceeded!
Step Limit Exceeded!
Step Limit Exceeded!
Step Limit Exceeded!
Step Limit Exceeded!
Step Limit Exceeded!
Step Limit Exceeded!
Step Limit Exceeded!
Step Limit Exceeded!
Step Limit Exceeded!
Step Limit Exceeded!
Step Limit Exceeded!
Step Limit Exceeded!
Step Limit Exceeded!
Step Limit Exceeded!
Step Limit Exceeded!
Step Limit Exceeded!
Step Limit Exceeded!
Step Limit Exceeded!
Step Limit Exceeded!
Step Limit Exceeded!
Step Limit Exceeded!
Step Limit Exceeded!
Step Limit Exceeded!
Step Limit Exceeded!
Step Limit Exceeded!
Step Limit Exceeded!
Step Limit Exceeded!
Step Limit Exceeded!
Step Limit Exceeded!
Step Limit Exceeded!
Step Limit Exceeded!
Step Limit Exceeded!
Step Limit Exceeded!
Step Limit Exceeded!
Step Limit Exceeded!
Step Limit Exceeded!
Step Limit Exceeded!
Step Limit Exceeded!
Step Limit Exceeded!
Step Limit Exceeded!
Step Limit Exceeded!
Step Limit Exceeded!
Step Limit Exceeded!
Step Limit Exceeded!
Step Limit Exceeded!
Step Limit Exceeded!
Step Limit Exceeded!
Step Limit Exceeded!
Step Limit Exceeded!
Step Limit Exceeded!
Step Limit Exceeded!
Step Limit Exceeded!
Step Limit Exceeded!
Step Limit Exceeded!
Step Limit Exceeded!
Step Limit Exceeded!
Step Limit Exceeded!
Step Limit Exceeded!
Step Limit Exceeded!
Step Limit Exceeded!
Step Limit Exceeded!
Step Limit Exceeded!

Step Limit Exceeded!
Step Limit Exceeded!
Step Limit Exceeded!
Step Limit Exceeded!
Step Limit Exceeded!
Step Limit Exceeded!
Step Limit Exceeded!
Step Limit Exceeded!
Step Limit Exceeded!
Step Limit Exceeded!
Step Limit Exceeded!
Step Limit Exceeded!
Step Limit Exceeded!
Step Limit Exceeded!
Step Limit Exceeded!
Step Limit Exceeded!
Step Limit Exceeded!
Step Limit Exceeded!
Step Limit Exceeded!
Step Limit Exceeded!
Step Limit Exceeded!
Step Limit Exceeded!
Step Limit Exceeded!
Step Limit Exceeded!
Step Limit Exceeded!
Step Limit Exceeded!
Step Limit Exceeded!
Step Limit Exceeded!
Step Limit Exceeded!
Step Limit Exceeded!
Step Limit Exceeded!
Step Limit Exceeded!
Step Limit Exceeded!
Step Limit Exceeded!
Step Limit Exceeded!
Step Limit Exceeded!
Step Limit Exceeded!
Step Limit Exceeded!
Step Limit Exceeded!
Step Limit Exceeded!
Step Limit Exceeded!
Step Limit Exceeded!
Step Limit Exceeded!
Step Limit Exceeded!
Step Limit Exceeded!
Step Limit Exceeded!
Step Limit Exceeded!
Step Limit Exceeded!
Step Limit Exceeded!
Step Limit Exceeded!
Step Limit Exceeded!
Step Limit Exceeded!
Step Limit Exceeded!
Step Limit Exceeded!
Step Limit Exceeded!
Step Limit Exceeded!
Step Limit Exceeded!
Step Limit Exceeded!
Step Limit Exceeded!
Step Limit Exceeded!
Step Limit Exceeded!
Step Limit Exceeded!
Step Limit Exceeded!
Step Limit Exceeded!
Step Limit Exceeded!
Step Limit Exceeded!
Step Limit Exceeded!
Step Limit Exceeded!
Step Limit Exceeded!
Step Limit Exceeded!
Step Limit Exceeded!
Step Limit Exceeded!
Step Limit Exceeded!
Step Limit Exceeded!
Step Limit Exceeded!
Step Limit Exceeded!
Step Limit Exceeded!
Step Limit Exceeded!
Step Limit Exceeded!
Step Limit Exceeded!
Step Limit Exceeded!
Step Limit Exceeded!
Step Limit Exceeded!
Step Limit Exceeded!
Step Limit Exceeded!
Step Limit Exceeded!
Step Limit Exceeded!
Step Limit Exceeded!
Step Limit Exceeded!
Step Limit Exceeded!
Step Limit Exceeded!
Step Limit Exceeded!
Step Limit Exceeded!
Step Limit Exceeded!
Step Limit Exceeded!
Step Limit Exceeded!
Step Limit Exceeded!
Step Limit Exceeded!
Step Limit Exceeded!

Step Limit Exceeded!
Step Limit Exceeded!
Step Limit Exceeded!
Step Limit Exceeded!
Step Limit Exceeded!
Step Limit Exceeded!
Step Limit Exceeded!
Step Limit Exceeded!
Step Limit Exceeded!
Step Limit Exceeded!
Step Limit Exceeded!
Step Limit Exceeded!
Step Limit Exceeded!
Step Limit Exceeded!
Step Limit Exceeded!
Step Limit Exceeded!
Step Limit Exceeded!
Step Limit Exceeded!
Step Limit Exceeded!
Step Limit Exceeded!
Step Limit Exceeded!
Step Limit Exceeded!
Step Limit Exceeded!
Step Limit Exceeded!
Step Limit Exceeded!
Step Limit Exceeded!
Step Limit Exceeded!
Step Limit Exceeded!
Step Limit Exceeded!
Step Limit Exceeded!
Step Limit Exceeded!
Step Limit Exceeded!
Step Limit Exceeded!
Step Limit Exceeded!
Step Limit Exceeded!
Step Limit Exceeded!
Step Limit Exceeded!
Step Limit Exceeded!
Step Limit Exceeded!
Step Limit Exceeded!
Step Limit Exceeded!
Step Limit Exceeded!
Step Limit Exceeded!
Step Limit Exceeded!
Step Limit Exceeded!
Step Limit Exceeded!
Step Limit Exceeded!
Step Limit Exceeded!
Step Limit Exceeded!
Step Limit Exceeded!
Step Limit Exceeded!
Step Limit Exceeded!
Step Limit Exceeded!
Step Limit Exceeded!
Step Limit Exceeded!
Step Limit Exceeded!
Step Limit Exceeded!
Step Limit Exceeded!
Step Limit Exceeded!
Step Limit Exceeded!
Step Limit Exceeded!
Step Limit Exceeded!
Step Limit Exceeded!
Step Limit Exceeded!
Step Limit Exceeded!
Step Limit Exceeded!
Step Limit Exceeded!
Step Limit Exceeded!
Step Limit Exceeded!
Step Limit Exceeded!
Step Limit Exceeded!
Step Limit Exceeded!
Step Limit Exceeded!
Step Limit Exceeded!
Step Limit Exceeded!
Step Limit Exceeded!
Step Limit Exceeded!
Step Limit Exceeded!
Step Limit Exceeded!
Step Limit Exceeded!
Step Limit Exceeded!
Step Limit Exceeded!
Step Limit Exceeded!
Step Limit Exceeded!
Step Limit Exceeded!
Step Limit Exceeded!
Step Limit Exceeded!
Step Limit Exceeded!
Step Limit Exceeded!
Step Limit Exceeded!
Step Limit Exceeded!
Step Limit Exceeded!
Step Limit Exceeded!
Step Limit Exceeded!
Step Limit Exceeded!
Step Limit Exceeded!
Step Limit Exceeded!
Step Limit Exceeded!
Step Limit Exceeded!

Step Limit Exceeded!
Step Limit Exceeded!
Step Limit Exceeded!
Step Limit Exceeded!
Step Limit Exceeded!
Step Limit Exceeded!
Step Limit Exceeded!
Step Limit Exceeded!
Step Limit Exceeded!
Step Limit Exceeded!
Step Limit Exceeded!
Step Limit Exceeded!
Step Limit Exceeded!
Step Limit Exceeded!
Step Limit Exceeded!
Step Limit Exceeded!
Step Limit Exceeded!
Step Limit Exceeded!
Step Limit Exceeded!
Step Limit Exceeded!
Step Limit Exceeded!
Step Limit Exceeded!
Step Limit Exceeded!
Step Limit Exceeded!
Step Limit Exceeded!
Step Limit Exceeded!
Step Limit Exceeded!
Step Limit Exceeded!
Step Limit Exceeded!
Step Limit Exceeded!
Step Limit Exceeded!
Step Limit Exceeded!
Step Limit Exceeded!
Step Limit Exceeded!
Step Limit Exceeded!
Step Limit Exceeded!
Step Limit Exceeded!
Step Limit Exceeded!
Step Limit Exceeded!
Step Limit Exceeded!
Step Limit Exceeded!
Step Limit Exceeded!
Step Limit Exceeded!
Step Limit Exceeded!
Step Limit Exceeded!
Step Limit Exceeded!
Step Limit Exceeded!
Step Limit Exceeded!
Step Limit Exceeded!
Step Limit Exceeded!
Step Limit Exceeded!
Step Limit Exceeded!
Step Limit Exceeded!
Step Limit Exceeded!
Step Limit Exceeded!
Step Limit Exceeded!
Step Limit Exceeded!
Step Limit Exceeded!
Step Limit Exceeded!
Step Limit Exceeded!
Step Limit Exceeded!
Step Limit Exceeded!
Step Limit Exceeded!
Step Limit Exceeded!
Step Limit Exceeded!
Step Limit Exceeded!
Step Limit Exceeded!
Step Limit Exceeded!
Step Limit Exceeded!
Step Limit Exceeded!
Step Limit Exceeded!
Step Limit Exceeded!
Step Limit Exceeded!
Step Limit Exceeded!
Step Limit Exceeded!
Step Limit Exceeded!
Step Limit Exceeded!
Step Limit Exceeded!
Step Limit Exceeded!
Step Limit Exceeded!
Step Limit Exceeded!
Step Limit Exceeded!
Step Limit Exceeded!
Step Limit Exceeded!
Step Limit Exceeded!
Step Limit Exceeded!
Step Limit Exceeded!
Step Limit Exceeded!
Step Limit Exceeded!
Step Limit Exceeded!
Step Limit Exceeded!
Step Limit Exceeded!
Step Limit Exceeded!
Step Limit Exceeded!
Step Limit Exceeded!
Step Limit Exceeded!
Step Limit Exceeded!
Step Limit Exceeded!

Step Limit Exceeded!
Step Limit Exceeded!
Step Limit Exceeded!
Step Limit Exceeded!
Step Limit Exceeded!
Step Limit Exceeded!
Step Limit Exceeded!
Step Limit Exceeded!
Step Limit Exceeded!
Step Limit Exceeded!
Step Limit Exceeded!
Step Limit Exceeded!
Step Limit Exceeded!
Step Limit Exceeded!
Step Limit Exceeded!
Step Limit Exceeded!
Step Limit Exceeded!
Step Limit Exceeded!
Step Limit Exceeded!
Step Limit Exceeded!
Step Limit Exceeded!
Step Limit Exceeded!
Step Limit Exceeded!
Step Limit Exceeded!
Step Limit Exceeded!
Step Limit Exceeded!
Step Limit Exceeded!
Step Limit Exceeded!
Step Limit Exceeded!
Step Limit Exceeded!
Step Limit Exceeded!
Step Limit Exceeded!
Step Limit Exceeded!
Step Limit Exceeded!
Step Limit Exceeded!
Step Limit Exceeded!
Step Limit Exceeded!
Step Limit Exceeded!
Step Limit Exceeded!
Step Limit Exceeded!
Step Limit Exceeded!
Step Limit Exceeded!
Step Limit Exceeded!
Step Limit Exceeded!
Step Limit Exceeded!
Step Limit Exceeded!
Step Limit Exceeded!
Step Limit Exceeded!
Step Limit Exceeded!
Step Limit Exceeded!
Step Limit Exceeded!
Step Limit Exceeded!
Step Limit Exceeded!
Step Limit Exceeded!
Step Limit Exceeded!
Step Limit Exceeded!
Step Limit Exceeded!
Step Limit Exceeded!
Step Limit Exceeded!
Step Limit Exceeded!
Step Limit Exceeded!
Step Limit Exceeded!
Step Limit Exceeded!
Step Limit Exceeded!
Step Limit Exceeded!
Step Limit Exceeded!
Step Limit Exceeded!
Step Limit Exceeded!
Step Limit Exceeded!
Step Limit Exceeded!
Step Limit Exceeded!
Step Limit Exceeded!
Step Limit Exceeded!
Step Limit Exceeded!
Step Limit Exceeded!
Step Limit Exceeded!
Step Limit Exceeded!
Step Limit Exceeded!
Step Limit Exceeded!
Step Limit Exceeded!
Step Limit Exceeded!
Step Limit Exceeded!
Step Limit Exceeded!
Step Limit Exceeded!
Step Limit Exceeded!
Step Limit Exceeded!
Step Limit Exceeded!
Step Limit Exceeded!
Step Limit Exceeded!
Step Limit Exceeded!
Step Limit Exceeded!
Step Limit Exceeded!
Step Limit Exceeded!
Step Limit Exceeded!
Step Limit Exceeded!
Step Limit Exceeded!
Step Limit Exceeded!
Step Limit Exceeded!
Step Limit Exceeded!

Step Limit Exceeded!
Step Limit Exceeded!
Step Limit Exceeded!
Step Limit Exceeded!
Step Limit Exceeded!
Step Limit Exceeded!
Step Limit Exceeded!
Step Limit Exceeded!
Step Limit Exceeded!
Step Limit Exceeded!
Step Limit Exceeded!
Step Limit Exceeded!
Step Limit Exceeded!
Step Limit Exceeded!
Step Limit Exceeded!
Step Limit Exceeded!
Step Limit Exceeded!
Step Limit Exceeded!
Step Limit Exceeded!
Step Limit Exceeded!
Step Limit Exceeded!
Step Limit Exceeded!
Step Limit Exceeded!
Step Limit Exceeded!
Step Limit Exceeded!
Step Limit Exceeded!
Step Limit Exceeded!
Step Limit Exceeded!
Step Limit Exceeded!
Step Limit Exceeded!
Step Limit Exceeded!
Step Limit Exceeded!
Step Limit Exceeded!
Step Limit Exceeded!
Step Limit Exceeded!
Step Limit Exceeded!
Step Limit Exceeded!
Step Limit Exceeded!
Step Limit Exceeded!
Step Limit Exceeded!
Step Limit Exceeded!
Step Limit Exceeded!
Step Limit Exceeded!
Step Limit Exceeded!
Step Limit Exceeded!
Step Limit Exceeded!
Step Limit Exceeded!
Step Limit Exceeded!
Step Limit Exceeded!
Step Limit Exceeded!
Step Limit Exceeded!
Step Limit Exceeded!
Step Limit Exceeded!
Step Limit Exceeded!
Step Limit Exceeded!
Step Limit Exceeded!
Step Limit Exceeded!
Step Limit Exceeded!
Step Limit Exceeded!
Step Limit Exceeded!
Step Limit Exceeded!
Step Limit Exceeded!
Step Limit Exceeded!
Step Limit Exceeded!
Step Limit Exceeded!
Step Limit Exceeded!
Step Limit Exceeded!
Step Limit Exceeded!
Step Limit Exceeded!
Step Limit Exceeded!
Step Limit Exceeded!
Step Limit Exceeded!
Step Limit Exceeded!
Step Limit Exceeded!
Step Limit Exceeded!
Step Limit Exceeded!
Step Limit Exceeded!
Step Limit Exceeded!
Step Limit Exceeded!
Step Limit Exceeded!
Step Limit Exceeded!
Step Limit Exceeded!
Step Limit Exceeded!
Step Limit Exceeded!
Step Limit Exceeded!
Step Limit Exceeded!
Step Limit Exceeded!
Step Limit Exceeded!
Step Limit Exceeded!
Step Limit Exceeded!
Step Limit Exceeded!
Step Limit Exceeded!
Step Limit Exceeded!
Step Limit Exceeded!
Step Limit Exceeded!
Step Limit Exceeded!
Step Limit Exceeded!
Step Limit Exceeded!
Step Limit Exceeded!
Step Limit Exceeded!

Step Limit Exceeded!
Step Limit Exceeded!
Step Limit Exceeded!
Step Limit Exceeded!
Step Limit Exceeded!
Step Limit Exceeded!
Step Limit Exceeded!
Step Limit Exceeded!
Step Limit Exceeded!
Step Limit Exceeded!
Step Limit Exceeded!
Step Limit Exceeded!
Step Limit Exceeded!
Step Limit Exceeded!
Step Limit Exceeded!
Step Limit Exceeded!
Step Limit Exceeded!
Step Limit Exceeded!
Step Limit Exceeded!
Step Limit Exceeded!
Step Limit Exceeded!
Step Limit Exceeded!
Step Limit Exceeded!
Step Limit Exceeded!
Step Limit Exceeded!
Step Limit Exceeded!
Step Limit Exceeded!
Step Limit Exceeded!
Step Limit Exceeded!
Step Limit Exceeded!
Step Limit Exceeded!
Step Limit Exceeded!
Step Limit Exceeded!
Step Limit Exceeded!
Step Limit Exceeded!
Step Limit Exceeded!
Step Limit Exceeded!
Step Limit Exceeded!
Step Limit Exceeded!
Step Limit Exceeded!
Step Limit Exceeded!
Step Limit Exceeded!
Step Limit Exceeded!
Step Limit Exceeded!
Step Limit Exceeded!
Step Limit Exceeded!
Step Limit Exceeded!
Step Limit Exceeded!
Step Limit Exceeded!
Step Limit Exceeded!
Step Limit Exceeded!
Step Limit Exceeded!
Step Limit Exceeded!
Step Limit Exceeded!
Step Limit Exceeded!
Step Limit Exceeded!
Step Limit Exceeded!
Step Limit Exceeded!
Step Limit Exceeded!
Step Limit Exceeded!
Step Limit Exceeded!
Step Limit Exceeded!
Step Limit Exceeded!
Step Limit Exceeded!
Step Limit Exceeded!
Step Limit Exceeded!
Step Limit Exceeded!
Step Limit Exceeded!
Step Limit Exceeded!
Step Limit Exceeded!
Step Limit Exceeded!
Step Limit Exceeded!
Step Limit Exceeded!
Step Limit Exceeded!
Step Limit Exceeded!
Step Limit Exceeded!
Step Limit Exceeded!
Step Limit Exceeded!
Step Limit Exceeded!
Step Limit Exceeded!
Step Limit Exceeded!
Step Limit Exceeded!
Step Limit Exceeded!
Step Limit Exceeded!
Step Limit Exceeded!
Step Limit Exceeded!
Step Limit Exceeded!
Step Limit Exceeded!
Step Limit Exceeded!
Step Limit Exceeded!
Step Limit Exceeded!
Step Limit Exceeded!
Step Limit Exceeded!
Step Limit Exceeded!
Step Limit Exceeded!
Step Limit Exceeded!
Step Limit Exceeded!
Step Limit Exceeded!
Step Limit Exceeded!
Step Limit Exceeded!

Step Limit Exceeded!
Step Limit Exceeded!
Step Limit Exceeded!
Step Limit Exceeded!
Step Limit Exceeded!
Step Limit Exceeded!
Step Limit Exceeded!
Step Limit Exceeded!
Step Limit Exceeded!
Step Limit Exceeded!
Step Limit Exceeded!
Step Limit Exceeded!
Step Limit Exceeded!
Step Limit Exceeded!
Step Limit Exceeded!
Step Limit Exceeded!
Step Limit Exceeded!
Step Limit Exceeded!
Step Limit Exceeded!
Step Limit Exceeded!
Step Limit Exceeded!
Step Limit Exceeded!
Step Limit Exceeded!
Step Limit Exceeded!
Step Limit Exceeded!
Step Limit Exceeded!
Step Limit Exceeded!
Step Limit Exceeded!
Step Limit Exceeded!
Step Limit Exceeded!
Step Limit Exceeded!
Step Limit Exceeded!
Step Limit Exceeded!
Step Limit Exceeded!
Step Limit Exceeded!
Step Limit Exceeded!
Step Limit Exceeded!
Step Limit Exceeded!
Step Limit Exceeded!
Step Limit Exceeded!
Step Limit Exceeded!
Step Limit Exceeded!
Step Limit Exceeded!
Step Limit Exceeded!
Step Limit Exceeded!
Step Limit Exceeded!
Step Limit Exceeded!
Step Limit Exceeded!
Step Limit Exceeded!
Step Limit Exceeded!
Step Limit Exceeded!
Step Limit Exceeded!
Step Limit Exceeded!
Step Limit Exceeded!
Step Limit Exceeded!
Step Limit Exceeded!
Step Limit Exceeded!
Step Limit Exceeded!
Step Limit Exceeded!
Step Limit Exceeded!
Step Limit Exceeded!
Step Limit Exceeded!
Step Limit Exceeded!
Step Limit Exceeded!
Step Limit Exceeded!
Step Limit Exceeded!
Step Limit Exceeded!
Step Limit Exceeded!
Step Limit Exceeded!
Step Limit Exceeded!
Step Limit Exceeded!
Step Limit Exceeded!
Step Limit Exceeded!
Step Limit Exceeded!
Step Limit Exceeded!
Step Limit Exceeded!
Step Limit Exceeded!
Step Limit Exceeded!
Step Limit Exceeded!
Step Limit Exceeded!
Step Limit Exceeded!
Step Limit Exceeded!
Step Limit Exceeded!
Step Limit Exceeded!
Step Limit Exceeded!
Step Limit Exceeded!
Step Limit Exceeded!
Step Limit Exceeded!
Step Limit Exceeded!
Step Limit Exceeded!
Step Limit Exceeded!
Step Limit Exceeded!
Step Limit Exceeded!
Step Limit Exceeded!
Step Limit Exceeded!
Step Limit Exceeded!
Step Limit Exceeded!
Step Limit Exceeded!
Step Limit Exceeded!
Step Limit Exceeded!

Step Limit Exceeded!
Step Limit Exceeded!
Step Limit Exceeded!
Step Limit Exceeded!
Step Limit Exceeded!
Step Limit Exceeded!
Step Limit Exceeded!
Step Limit Exceeded!
Step Limit Exceeded!
Step Limit Exceeded!
Step Limit Exceeded!
Step Limit Exceeded!
Step Limit Exceeded!
Step Limit Exceeded!
Step Limit Exceeded!
Step Limit Exceeded!
Step Limit Exceeded!
Step Limit Exceeded!
Step Limit Exceeded!
Step Limit Exceeded!
Step Limit Exceeded!
Step Limit Exceeded!
Step Limit Exceeded!
Step Limit Exceeded!
Step Limit Exceeded!
Step Limit Exceeded!
Step Limit Exceeded!
Step Limit Exceeded!
Step Limit Exceeded!
Step Limit Exceeded!
Step Limit Exceeded!
Step Limit Exceeded!
Step Limit Exceeded!
Step Limit Exceeded!
Step Limit Exceeded!
Step Limit Exceeded!
Step Limit Exceeded!
Step Limit Exceeded!
Step Limit Exceeded!
Step Limit Exceeded!
Step Limit Exceeded!
Step Limit Exceeded!
Step Limit Exceeded!
Step Limit Exceeded!
Step Limit Exceeded!
Step Limit Exceeded!
Step Limit Exceeded!
Step Limit Exceeded!
Step Limit Exceeded!
Step Limit Exceeded!
Step Limit Exceeded!
Step Limit Exceeded!
Step Limit Exceeded!
Step Limit Exceeded!
Step Limit Exceeded!
Step Limit Exceeded!
Step Limit Exceeded!
Step Limit Exceeded!
Step Limit Exceeded!
Step Limit Exceeded!
Step Limit Exceeded!
Step Limit Exceeded!
Step Limit Exceeded!
Step Limit Exceeded!
Step Limit Exceeded!
Step Limit Exceeded!
Step Limit Exceeded!
Step Limit Exceeded!
Step Limit Exceeded!
Step Limit Exceeded!
Step Limit Exceeded!
Step Limit Exceeded!
Step Limit Exceeded!
Step Limit Exceeded!
Step Limit Exceeded!
Step Limit Exceeded!
Step Limit Exceeded!
Step Limit Exceeded!
Step Limit Exceeded!
Step Limit Exceeded!
Step Limit Exceeded!
Step Limit Exceeded!
Step Limit Exceeded!
Step Limit Exceeded!
Step Limit Exceeded!
Step Limit Exceeded!
Step Limit Exceeded!
Step Limit Exceeded!
Step Limit Exceeded!
Step Limit Exceeded!
Step Limit Exceeded!
Step Limit Exceeded!
Step Limit Exceeded!
Step Limit Exceeded!
Step Limit Exceeded!
Step Limit Exceeded!
Step Limit Exceeded!
Step Limit Exceeded!
Step Limit Exceeded!
Step Limit Exceeded!

Step Limit Exceeded!
Step Limit Exceeded!
Step Limit Exceeded!
Step Limit Exceeded!
Step Limit Exceeded!
Step Limit Exceeded!
Step Limit Exceeded!
Step Limit Exceeded!
Step Limit Exceeded!
Step Limit Exceeded!
Step Limit Exceeded!
Step Limit Exceeded!
Step Limit Exceeded!
Step Limit Exceeded!
Step Limit Exceeded!
Step Limit Exceeded!
Step Limit Exceeded!
Step Limit Exceeded!
Step Limit Exceeded!
Step Limit Exceeded!
Step Limit Exceeded!
Step Limit Exceeded!
Step Limit Exceeded!
Step Limit Exceeded!
Step Limit Exceeded!
Step Limit Exceeded!
Step Limit Exceeded!
Step Limit Exceeded!
Step Limit Exceeded!
Step Limit Exceeded!
Step Limit Exceeded!
Step Limit Exceeded!
Step Limit Exceeded!
Step Limit Exceeded!
Step Limit Exceeded!
Step Limit Exceeded!
Step Limit Exceeded!
Step Limit Exceeded!
Step Limit Exceeded!
Step Limit Exceeded!
Step Limit Exceeded!
Step Limit Exceeded!
Step Limit Exceeded!
Step Limit Exceeded!
Step Limit Exceeded!
Step Limit Exceeded!
Step Limit Exceeded!
Step Limit Exceeded!
Step Limit Exceeded!
Step Limit Exceeded!
Step Limit Exceeded!
Step Limit Exceeded!
Step Limit Exceeded!
Step Limit Exceeded!
Step Limit Exceeded!
Step Limit Exceeded!
Step Limit Exceeded!
Step Limit Exceeded!
Step Limit Exceeded!
Step Limit Exceeded!
Step Limit Exceeded!
Step Limit Exceeded!
Step Limit Exceeded!
Step Limit Exceeded!
Step Limit Exceeded!
Step Limit Exceeded!
Step Limit Exceeded!
Step Limit Exceeded!
Step Limit Exceeded!
Step Limit Exceeded!
Step Limit Exceeded!
Step Limit Exceeded!
Step Limit Exceeded!
Step Limit Exceeded!
Step Limit Exceeded!
Step Limit Exceeded!
Step Limit Exceeded!
Step Limit Exceeded!
Step Limit Exceeded!
Step Limit Exceeded!
Step Limit Exceeded!
Step Limit Exceeded!
Step Limit Exceeded!
Step Limit Exceeded!
Step Limit Exceeded!
Step Limit Exceeded!
Step Limit Exceeded!
Step Limit Exceeded!
Step Limit Exceeded!
Step Limit Exceeded!
Step Limit Exceeded!
Step Limit Exceeded!
Step Limit Exceeded!
Step Limit Exceeded!
Step Limit Exceeded!
Step Limit Exceeded!
Step Limit Exceeded!
Step Limit Exceeded!
Step Limit Exceeded!
Step Limit Exceeded!

Step Limit Exceeded!
Step Limit Exceeded!
Step Limit Exceeded!
Step Limit Exceeded!
Step Limit Exceeded!
Step Limit Exceeded!
Step Limit Exceeded!
Step Limit Exceeded!
Step Limit Exceeded!
Step Limit Exceeded!
Step Limit Exceeded!
Step Limit Exceeded!
Step Limit Exceeded!
Step Limit Exceeded!
Step Limit Exceeded!
Step Limit Exceeded!
Step Limit Exceeded!
Step Limit Exceeded!
Step Limit Exceeded!
Step Limit Exceeded!
Step Limit Exceeded!
Step Limit Exceeded!
Step Limit Exceeded!
Step Limit Exceeded!
Step Limit Exceeded!
Step Limit Exceeded!
Step Limit Exceeded!
Step Limit Exceeded!
Step Limit Exceeded!
Step Limit Exceeded!
Step Limit Exceeded!
Step Limit Exceeded!
Step Limit Exceeded!
Step Limit Exceeded!
Step Limit Exceeded!
Step Limit Exceeded!
Step Limit Exceeded!
Step Limit Exceeded!
Step Limit Exceeded!
Step Limit Exceeded!
Step Limit Exceeded!
Step Limit Exceeded!
Step Limit Exceeded!
Step Limit Exceeded!
Step Limit Exceeded!
Step Limit Exceeded!
Step Limit Exceeded!
Step Limit Exceeded!
Step Limit Exceeded!
Step Limit Exceeded!
Step Limit Exceeded!
Step Limit Exceeded!
Step Limit Exceeded!
Step Limit Exceeded!
Step Limit Exceeded!
Step Limit Exceeded!
Step Limit Exceeded!
Step Limit Exceeded!
Step Limit Exceeded!
Step Limit Exceeded!
Step Limit Exceeded!
Step Limit Exceeded!
Step Limit Exceeded!
Step Limit Exceeded!
Step Limit Exceeded!
Step Limit Exceeded!
Step Limit Exceeded!
Step Limit Exceeded!
Step Limit Exceeded!
Step Limit Exceeded!
Step Limit Exceeded!
Step Limit Exceeded!
Step Limit Exceeded!
Step Limit Exceeded!
Step Limit Exceeded!
Step Limit Exceeded!
Step Limit Exceeded!
Step Limit Exceeded!
Step Limit Exceeded!
Step Limit Exceeded!
Step Limit Exceeded!
Step Limit Exceeded!
Step Limit Exceeded!
Step Limit Exceeded!
Step Limit Exceeded!
Step Limit Exceeded!
Step Limit Exceeded!
Step Limit Exceeded!
Step Limit Exceeded!
Step Limit Exceeded!
Step Limit Exceeded!
Step Limit Exceeded!
Step Limit Exceeded!
Step Limit Exceeded!
Step Limit Exceeded!
Step Limit Exceeded!
Step Limit Exceeded!
Step Limit Exceeded!
Step Limit Exceeded!
Step Limit Exceeded!

Step Limit Exceeded!
Step Limit Exceeded!
Step Limit Exceeded!
Step Limit Exceeded!
Step Limit Exceeded!
Step Limit Exceeded!
Step Limit Exceeded!
Step Limit Exceeded!
Step Limit Exceeded!
Step Limit Exceeded!
Step Limit Exceeded!
Step Limit Exceeded!
Step Limit Exceeded!
Step Limit Exceeded!
Step Limit Exceeded!
Step Limit Exceeded!
Step Limit Exceeded!
Step Limit Exceeded!
Step Limit Exceeded!
Step Limit Exceeded!
Step Limit Exceeded!
Step Limit Exceeded!
Step Limit Exceeded!
Step Limit Exceeded!
Step Limit Exceeded!
Step Limit Exceeded!
Step Limit Exceeded!
Step Limit Exceeded!
Step Limit Exceeded!
Step Limit Exceeded!
Step Limit Exceeded!
Step Limit Exceeded!
Step Limit Exceeded!
Step Limit Exceeded!
Step Limit Exceeded!
Step Limit Exceeded!
Step Limit Exceeded!
Step Limit Exceeded!
Step Limit Exceeded!
Step Limit Exceeded!
Step Limit Exceeded!
Step Limit Exceeded!
Step Limit Exceeded!
Step Limit Exceeded!
Step Limit Exceeded!
Step Limit Exceeded!
Step Limit Exceeded!
Step Limit Exceeded!
Step Limit Exceeded!
Step Limit Exceeded!
Step Limit Exceeded!
Step Limit Exceeded!
Step Limit Exceeded!
Step Limit Exceeded!
Step Limit Exceeded!
Step Limit Exceeded!
Step Limit Exceeded!
Step Limit Exceeded!
Step Limit Exceeded!
Step Limit Exceeded!
Step Limit Exceeded!
Step Limit Exceeded!
Step Limit Exceeded!
Step Limit Exceeded!
Step Limit Exceeded!
Step Limit Exceeded!
Step Limit Exceeded!
Step Limit Exceeded!
Step Limit Exceeded!
Step Limit Exceeded!
Step Limit Exceeded!
Step Limit Exceeded!
Step Limit Exceeded!
Step Limit Exceeded!
Step Limit Exceeded!
Step Limit Exceeded!
Step Limit Exceeded!
Step Limit Exceeded!
Step Limit Exceeded!
Step Limit Exceeded!
Step Limit Exceeded!
Step Limit Exceeded!
Step Limit Exceeded!
Step Limit Exceeded!
Step Limit Exceeded!
Step Limit Exceeded!
Step Limit Exceeded!
Step Limit Exceeded!
Step Limit Exceeded!
Step Limit Exceeded!
Step Limit Exceeded!
Step Limit Exceeded!
Step Limit Exceeded!
Step Limit Exceeded!
Step Limit Exceeded!
Step Limit Exceeded!
Step Limit Exceeded!
Step Limit Exceeded!
Step Limit Exceeded!
Step Limit Exceeded!

Step Limit Exceeded!
Step Limit Exceeded!
Step Limit Exceeded!
Step Limit Exceeded!
Step Limit Exceeded!
Step Limit Exceeded!
Step Limit Exceeded!
Step Limit Exceeded!
Step Limit Exceeded!
Step Limit Exceeded!
Step Limit Exceeded!
Step Limit Exceeded!
Step Limit Exceeded!
Step Limit Exceeded!
Step Limit Exceeded!
Step Limit Exceeded!
Step Limit Exceeded!
Step Limit Exceeded!
Step Limit Exceeded!
Step Limit Exceeded!
Step Limit Exceeded!
Step Limit Exceeded!
Step Limit Exceeded!
Step Limit Exceeded!
Step Limit Exceeded!
Step Limit Exceeded!
Step Limit Exceeded!
Step Limit Exceeded!
Step Limit Exceeded!
Step Limit Exceeded!
Step Limit Exceeded!
Step Limit Exceeded!
Step Limit Exceeded!
Step Limit Exceeded!
Step Limit Exceeded!
Step Limit Exceeded!
Step Limit Exceeded!
Step Limit Exceeded!
Step Limit Exceeded!
Step Limit Exceeded!
Step Limit Exceeded!
Step Limit Exceeded!
Step Limit Exceeded!
Step Limit Exceeded!
Step Limit Exceeded!
Step Limit Exceeded!
Step Limit Exceeded!
Step Limit Exceeded!
Step Limit Exceeded!
Step Limit Exceeded!
Step Limit Exceeded!
Step Limit Exceeded!
Step Limit Exceeded!
Step Limit Exceeded!
Step Limit Exceeded!
Step Limit Exceeded!
Step Limit Exceeded!
Step Limit Exceeded!
Step Limit Exceeded!
Step Limit Exceeded!
Step Limit Exceeded!
Step Limit Exceeded!
Step Limit Exceeded!
Step Limit Exceeded!
Step Limit Exceeded!
Step Limit Exceeded!
Step Limit Exceeded!
Step Limit Exceeded!
Step Limit Exceeded!
Step Limit Exceeded!
Step Limit Exceeded!
Step Limit Exceeded!
Step Limit Exceeded!
Step Limit Exceeded!
Step Limit Exceeded!
Step Limit Exceeded!
Step Limit Exceeded!
Step Limit Exceeded!
Step Limit Exceeded!
Step Limit Exceeded!
Step Limit Exceeded!
Step Limit Exceeded!
Step Limit Exceeded!
Step Limit Exceeded!
Step Limit Exceeded!
Step Limit Exceeded!
Step Limit Exceeded!
Step Limit Exceeded!
Step Limit Exceeded!
Step Limit Exceeded!
Step Limit Exceeded!
Step Limit Exceeded!
Step Limit Exceeded!
Step Limit Exceeded!
Step Limit Exceeded!
Step Limit Exceeded!
Step Limit Exceeded!
Step Limit Exceeded!
Step Limit Exceeded!

Step Limit Exceeded!
Step Limit Exceeded!
Step Limit Exceeded!
Step Limit Exceeded!
Step Limit Exceeded!
Step Limit Exceeded!
Step Limit Exceeded!
Step Limit Exceeded!
Step Limit Exceeded!
Step Limit Exceeded!
Step Limit Exceeded!
Step Limit Exceeded!
Step Limit Exceeded!
Step Limit Exceeded!
Step Limit Exceeded!
Step Limit Exceeded!
Step Limit Exceeded!
Step Limit Exceeded!
Step Limit Exceeded!
Step Limit Exceeded!
Step Limit Exceeded!
Step Limit Exceeded!
Step Limit Exceeded!
Step Limit Exceeded!
Step Limit Exceeded!
Step Limit Exceeded!
Step Limit Exceeded!
Step Limit Exceeded!
Step Limit Exceeded!
Step Limit Exceeded!
Step Limit Exceeded!
Step Limit Exceeded!
Step Limit Exceeded!
Step Limit Exceeded!
Step Limit Exceeded!
Step Limit Exceeded!
Step Limit Exceeded!
Step Limit Exceeded!
Step Limit Exceeded!
Step Limit Exceeded!
Step Limit Exceeded!
Step Limit Exceeded!
Step Limit Exceeded!
Step Limit Exceeded!
Step Limit Exceeded!
Step Limit Exceeded!
Step Limit Exceeded!
Step Limit Exceeded!
Step Limit Exceeded!
Step Limit Exceeded!
Step Limit Exceeded!
Step Limit Exceeded!
Step Limit Exceeded!
Step Limit Exceeded!
Step Limit Exceeded!
Step Limit Exceeded!
Step Limit Exceeded!
Step Limit Exceeded!
Step Limit Exceeded!
Step Limit Exceeded!
Step Limit Exceeded!
Step Limit Exceeded!
Step Limit Exceeded!
Step Limit Exceeded!
Step Limit Exceeded!
Step Limit Exceeded!
Step Limit Exceeded!
Step Limit Exceeded!
Step Limit Exceeded!
Step Limit Exceeded!
Step Limit Exceeded!
Step Limit Exceeded!
Step Limit Exceeded!
Step Limit Exceeded!
Step Limit Exceeded!
Step Limit Exceeded!
Step Limit Exceeded!
Step Limit Exceeded!
Step Limit Exceeded!
Step Limit Exceeded!
Step Limit Exceeded!
Step Limit Exceeded!
Step Limit Exceeded!
Step Limit Exceeded!
Step Limit Exceeded!
Step Limit Exceeded!
Step Limit Exceeded!
Step Limit Exceeded!
Step Limit Exceeded!
Step Limit Exceeded!
Step Limit Exceeded!
Step Limit Exceeded!
Step Limit Exceeded!
Step Limit Exceeded!
Step Limit Exceeded!
Step Limit Exceeded!
Step Limit Exceeded!

Step Limit Exceeded!
Step Limit Exceeded!
Step Limit Exceeded!
Step Limit Exceeded!
Step Limit Exceeded!
Step Limit Exceeded!
Step Limit Exceeded!
Step Limit Exceeded!
Step Limit Exceeded!
Step Limit Exceeded!
Step Limit Exceeded!
Step Limit Exceeded!
Step Limit Exceeded!
Step Limit Exceeded!
Step Limit Exceeded!
Step Limit Exceeded!
Step Limit Exceeded!
Step Limit Exceeded!
Step Limit Exceeded!
Step Limit Exceeded!
Step Limit Exceeded!
Step Limit Exceeded!
Step Limit Exceeded!
Step Limit Exceeded!
Step Limit Exceeded!
Step Limit Exceeded!
Step Limit Exceeded!
Step Limit Exceeded!
Step Limit Exceeded!
Step Limit Exceeded!
Step Limit Exceeded!
Step Limit Exceeded!
Step Limit Exceeded!
Step Limit Exceeded!
Step Limit Exceeded!
Step Limit Exceeded!
Step Limit Exceeded!
Step Limit Exceeded!
Step Limit Exceeded!
Step Limit Exceeded!
Step Limit Exceeded!
Step Limit Exceeded!
Step Limit Exceeded!
Step Limit Exceeded!
Step Limit Exceeded!
Step Limit Exceeded!
Step Limit Exceeded!
Step Limit Exceeded!
Step Limit Exceeded!
Step Limit Exceeded!
Step Limit Exceeded!
Step Limit Exceeded!
Step Limit Exceeded!
Step Limit Exceeded!
Step Limit Exceeded!
Step Limit Exceeded!
Step Limit Exceeded!
Step Limit Exceeded!
Step Limit Exceeded!
Step Limit Exceeded!
Step Limit Exceeded!
Step Limit Exceeded!
Step Limit Exceeded!
Step Limit Exceeded!
Step Limit Exceeded!
Step Limit Exceeded!
Step Limit Exceeded!
Step Limit Exceeded!
Step Limit Exceeded!
Step Limit Exceeded!
Step Limit Exceeded!
Step Limit Exceeded!
Step Limit Exceeded!
Step Limit Exceeded!
Step Limit Exceeded!
Step Limit Exceeded!
Step Limit Exceeded!
Step Limit Exceeded!
Step Limit Exceeded!
Step Limit Exceeded!
Step Limit Exceeded!
Step Limit Exceeded!
Step Limit Exceeded!
Step Limit Exceeded!
Step Limit Exceeded!
Step Limit Exceeded!
Step Limit Exceeded!
Step Limit Exceeded!
Step Limit Exceeded!
Step Limit Exceeded!
Step Limit Exceeded!
Step Limit Exceeded!
Step Limit Exceeded!
Step Limit Exceeded!
Step Limit Exceeded!
Step Limit Exceeded!
Step Limit Exceeded!
Step Limit Exceeded!
Step Limit Exceeded!
Step Limit Exceeded!

Step Limit Exceeded!
Step Limit Exceeded!
Step Limit Exceeded!
Step Limit Exceeded!
Step Limit Exceeded!
Step Limit Exceeded!
Step Limit Exceeded!
Step Limit Exceeded!
Step Limit Exceeded!
Step Limit Exceeded!
Step Limit Exceeded!
Step Limit Exceeded!
Step Limit Exceeded!
Step Limit Exceeded!
Step Limit Exceeded!
Step Limit Exceeded!
Step Limit Exceeded!
Step Limit Exceeded!
Step Limit Exceeded!
Step Limit Exceeded!
Step Limit Exceeded!
Step Limit Exceeded!
Step Limit Exceeded!
Step Limit Exceeded!
Step Limit Exceeded!
Step Limit Exceeded!
Step Limit Exceeded!
Step Limit Exceeded!
Step Limit Exceeded!
Step Limit Exceeded!
Step Limit Exceeded!
Step Limit Exceeded!
Step Limit Exceeded!
Step Limit Exceeded!
Step Limit Exceeded!
Step Limit Exceeded!
Step Limit Exceeded!
Step Limit Exceeded!
Step Limit Exceeded!
Step Limit Exceeded!
Step Limit Exceeded!
Step Limit Exceeded!
Step Limit Exceeded!
Step Limit Exceeded!
Step Limit Exceeded!
Step Limit Exceeded!
Step Limit Exceeded!
Step Limit Exceeded!
Step Limit Exceeded!
Step Limit Exceeded!
Step Limit Exceeded!
Step Limit Exceeded!
Step Limit Exceeded!
Step Limit Exceeded!
Step Limit Exceeded!
Step Limit Exceeded!
Step Limit Exceeded!
Step Limit Exceeded!
Step Limit Exceeded!
Step Limit Exceeded!
Step Limit Exceeded!
Step Limit Exceeded!
Step Limit Exceeded!
Step Limit Exceeded!
Step Limit Exceeded!
Step Limit Exceeded!
Step Limit Exceeded!
Step Limit Exceeded!
Step Limit Exceeded!
Step Limit Exceeded!
Step Limit Exceeded!
Step Limit Exceeded!
Step Limit Exceeded!
Step Limit Exceeded!
Step Limit Exceeded!
Step Limit Exceeded!
Step Limit Exceeded!
Step Limit Exceeded!
Step Limit Exceeded!
Step Limit Exceeded!
Step Limit Exceeded!
Step Limit Exceeded!
Step Limit Exceeded!
Step Limit Exceeded!
Step Limit Exceeded!
Step Limit Exceeded!
Step Limit Exceeded!
Step Limit Exceeded!
Step Limit Exceeded!
Step Limit Exceeded!
Step Limit Exceeded!
Step Limit Exceeded!
Step Limit Exceeded!
Step Limit Exceeded!
Step Limit Exceeded!
Step Limit Exceeded!
Step Limit Exceeded!
Step Limit Exceeded!
Step Limit Exceeded!

Step Limit Exceeded!
Step Limit Exceeded!
Step Limit Exceeded!
Step Limit Exceeded!
Step Limit Exceeded!
Step Limit Exceeded!
Step Limit Exceeded!
Step Limit Exceeded!
Step Limit Exceeded!
Step Limit Exceeded!
Step Limit Exceeded!
Step Limit Exceeded!
Step Limit Exceeded!
Step Limit Exceeded!
Step Limit Exceeded!
Step Limit Exceeded!
Step Limit Exceeded!
Step Limit Exceeded!
Step Limit Exceeded!
Step Limit Exceeded!
Step Limit Exceeded!
Step Limit Exceeded!
Step Limit Exceeded!
Step Limit Exceeded!
Step Limit Exceeded!
Step Limit Exceeded!
Step Limit Exceeded!
Step Limit Exceeded!
Step Limit Exceeded!
Step Limit Exceeded!
Step Limit Exceeded!
Step Limit Exceeded!
Step Limit Exceeded!
Step Limit Exceeded!
Step Limit Exceeded!
Step Limit Exceeded!
Step Limit Exceeded!
Step Limit Exceeded!
Step Limit Exceeded!
Step Limit Exceeded!
Step Limit Exceeded!
Step Limit Exceeded!
Step Limit Exceeded!
Step Limit Exceeded!
Step Limit Exceeded!
Step Limit Exceeded!
Step Limit Exceeded!
Step Limit Exceeded!
Step Limit Exceeded!
Step Limit Exceeded!
Step Limit Exceeded!
Step Limit Exceeded!
Step Limit Exceeded!
Step Limit Exceeded!
Step Limit Exceeded!
Step Limit Exceeded!
Step Limit Exceeded!
Step Limit Exceeded!
Step Limit Exceeded!
Step Limit Exceeded!
Step Limit Exceeded!
Step Limit Exceeded!
Step Limit Exceeded!
Step Limit Exceeded!
Step Limit Exceeded!
Step Limit Exceeded!
Step Limit Exceeded!
Step Limit Exceeded!
Step Limit Exceeded!
Step Limit Exceeded!
Step Limit Exceeded!
Step Limit Exceeded!
Step Limit Exceeded!
Step Limit Exceeded!
Step Limit Exceeded!
Step Limit Exceeded!
Step Limit Exceeded!
Step Limit Exceeded!
Step Limit Exceeded!
Step Limit Exceeded!
Step Limit Exceeded!
Step Limit Exceeded!
Step Limit Exceeded!
Step Limit Exceeded!
Step Limit Exceeded!
Step Limit Exceeded!
Step Limit Exceeded!
Step Limit Exceeded!
Step Limit Exceeded!
Step Limit Exceeded!
Step Limit Exceeded!
Step Limit Exceeded!
Step Limit Exceeded!
Step Limit Exceeded!
Step Limit Exceeded!
Step Limit Exceeded!
Step Limit Exceeded!
Step Limit Exceeded!
Step Limit Exceeded!
Step Limit Exceeded!

Step Limit Exceeded!
Step Limit Exceeded!
Step Limit Exceeded!
Step Limit Exceeded!
Step Limit Exceeded!
Step Limit Exceeded!
Step Limit Exceeded!
Step Limit Exceeded!
Step Limit Exceeded!
Step Limit Exceeded!
Step Limit Exceeded!
Step Limit Exceeded!
Step Limit Exceeded!
Step Limit Exceeded!
Step Limit Exceeded!
Step Limit Exceeded!
Step Limit Exceeded!
Step Limit Exceeded!
Step Limit Exceeded!
Step Limit Exceeded!
Step Limit Exceeded!
Step Limit Exceeded!
Step Limit Exceeded!
Step Limit Exceeded!
Step Limit Exceeded!
Step Limit Exceeded!
Step Limit Exceeded!
Step Limit Exceeded!
Step Limit Exceeded!
Step Limit Exceeded!
Step Limit Exceeded!
Step Limit Exceeded!
Step Limit Exceeded!
Step Limit Exceeded!
Step Limit Exceeded!
Step Limit Exceeded!
Step Limit Exceeded!
Step Limit Exceeded!
Step Limit Exceeded!
Step Limit Exceeded!
Step Limit Exceeded!
Step Limit Exceeded!
Step Limit Exceeded!
Step Limit Exceeded!
Step Limit Exceeded!
Step Limit Exceeded!
Step Limit Exceeded!
Step Limit Exceeded!
Step Limit Exceeded!
Step Limit Exceeded!
Step Limit Exceeded!
Step Limit Exceeded!
Step Limit Exceeded!
Step Limit Exceeded!
Step Limit Exceeded!
Step Limit Exceeded!
Step Limit Exceeded!
Step Limit Exceeded!
Step Limit Exceeded!
Step Limit Exceeded!
Step Limit Exceeded!
Step Limit Exceeded!
Step Limit Exceeded!
Step Limit Exceeded!
Step Limit Exceeded!
Step Limit Exceeded!
Step Limit Exceeded!
Step Limit Exceeded!
Step Limit Exceeded!
Step Limit Exceeded!
Step Limit Exceeded!
Step Limit Exceeded!
Step Limit Exceeded!
Step Limit Exceeded!
Step Limit Exceeded!
Step Limit Exceeded!
Step Limit Exceeded!
Step Limit Exceeded!
Step Limit Exceeded!
Step Limit Exceeded!
Step Limit Exceeded!
Step Limit Exceeded!
Step Limit Exceeded!
Step Limit Exceeded!
Step Limit Exceeded!
Step Limit Exceeded!
Step Limit Exceeded!
Step Limit Exceeded!
Step Limit Exceeded!
Step Limit Exceeded!
Step Limit Exceeded!
Step Limit Exceeded!
Step Limit Exceeded!
Step Limit Exceeded!
Step Limit Exceeded!
Step Limit Exceeded!
Step Limit Exceeded!
Step Limit Exceeded!
Step Limit Exceeded!

Step Limit Exceeded!
Step Limit Exceeded!
Step Limit Exceeded!
Step Limit Exceeded!
Step Limit Exceeded!
Step Limit Exceeded!
Step Limit Exceeded!
Step Limit Exceeded!
Step Limit Exceeded!
Step Limit Exceeded!
Step Limit Exceeded!
Step Limit Exceeded!
Step Limit Exceeded!
Step Limit Exceeded!
Step Limit Exceeded!
Step Limit Exceeded!
Step Limit Exceeded!
Step Limit Exceeded!
Step Limit Exceeded!
Step Limit Exceeded!
Step Limit Exceeded!
Step Limit Exceeded!
Step Limit Exceeded!
Step Limit Exceeded!
Step Limit Exceeded!
Step Limit Exceeded!
Step Limit Exceeded!
Step Limit Exceeded!
Step Limit Exceeded!
Step Limit Exceeded!
Step Limit Exceeded!
Step Limit Exceeded!
Step Limit Exceeded!
Step Limit Exceeded!
Step Limit Exceeded!
Step Limit Exceeded!
Step Limit Exceeded!
Step Limit Exceeded!
Step Limit Exceeded!
Step Limit Exceeded!
Step Limit Exceeded!
Step Limit Exceeded!
Step Limit Exceeded!
Step Limit Exceeded!
Step Limit Exceeded!
Step Limit Exceeded!
Step Limit Exceeded!
Step Limit Exceeded!
Step Limit Exceeded!
Step Limit Exceeded!
Step Limit Exceeded!
Step Limit Exceeded!
Step Limit Exceeded!
Step Limit Exceeded!
Step Limit Exceeded!
Step Limit Exceeded!
Step Limit Exceeded!
Step Limit Exceeded!
Step Limit Exceeded!
Step Limit Exceeded!
Step Limit Exceeded!
Step Limit Exceeded!
Step Limit Exceeded!
Step Limit Exceeded!
Step Limit Exceeded!
Step Limit Exceeded!
Step Limit Exceeded!
Step Limit Exceeded!
Step Limit Exceeded!
Step Limit Exceeded!
Step Limit Exceeded!
Step Limit Exceeded!
Step Limit Exceeded!
Step Limit Exceeded!
Step Limit Exceeded!
Step Limit Exceeded!
Step Limit Exceeded!
Step Limit Exceeded!
Step Limit Exceeded!
Step Limit Exceeded!
Step Limit Exceeded!
Step Limit Exceeded!
Step Limit Exceeded!
Step Limit Exceeded!
Step Limit Exceeded!
Step Limit Exceeded!
Step Limit Exceeded!
Step Limit Exceeded!
Step Limit Exceeded!
Step Limit Exceeded!
Step Limit Exceeded!
Step Limit Exceeded!
Step Limit Exceeded!
Step Limit Exceeded!
Step Limit Exceeded!
Step Limit Exceeded!
Step Limit Exceeded!
Step Limit Exceeded!
Step Limit Exceeded!
Step Limit Exceeded!
/gpfs/fs0/scratch/s/sutton/njqgame/OffpolicyAlgorithms/Algorithms/Q.py:7: RuntimeWarning: invalid value encountered in multiply
  self.w += alpha * delta * self.z
/scinet/niagara/software/2019b/opt/base/python/3.6.8/lib/python3.6/site-packages/numpy/core/fromnumeric.py:83: RuntimeWarning: invalid value encountered in reduce
  return ufunc.reduce(obj, axis, dtype, out, **passkwargs)
Program test finished with exit code 0 at: Fri Apr  9 04:09:56 EDT 2021

scontrol show jobid 5120139
JobId=5120139 JobName=MountainCarTileCodingFeat_Q
   UserId=njqgame(3108162) GroupId=sutton(6000291) MCS_label=N/A
   Priority=593689 Nice=0 Account=def-sutton QOS=normal
   JobState=COMPLETED Reason=None Dependency=(null)
   Requeue=0 Restarts=0 BatchFlag=1 Reboot=0 ExitCode=0:0
   RunTime=00:38:52 TimeLimit=02:59:00 TimeMin=N/A
   SubmitTime=2021-04-08T00:11:32 EligibleTime=2021-04-08T00:11:32
   AccrueTime=2021-04-08T00:11:32
   StartTime=2021-04-09T03:31:05 EndTime=2021-04-09T04:09:57 Deadline=N/A
   SuspendTime=None SecsPreSuspend=0 LastSchedEval=2021-04-09T03:31:05
   Partition=compute AllocNode:Sid=nia-login02:67429
   ReqNodeList=(null) ExcNodeList=(null)
   NodeList=nia1594
   BatchHost=nia1594
   NumNodes=1 NumCPUs=80 NumTasks=40 CPUs/Task=1 ReqB:S:C:T=0:0:*:*
   TRES=cpu=80,mem=175000M,node=1,billing=40
   Socks/Node=* NtasksPerN:B:S:C=40:0:*:* CoreSpec=*
   MinCPUsNode=40 MinMemoryNode=175000M MinTmpDiskNode=0
   Features=[skylake|cascade] DelayBoot=00:00:00
   OverSubscribe=NO Contiguous=0 Licenses=(null) Network=(null)
   Command=/gpfs/fs0/scratch/s/sutton/njqgame/OffpolicyAlgorithms/Submit_Jobs.SL
   WorkDir=/gpfs/fs0/scratch/s/sutton/njqgame/OffpolicyAlgorithms
   StdErr=/gpfs/fs0/scratch/s/sutton/njqgame/OffpolicyAlgorithms/slurm-5120139.out
   StdIn=/dev/null
   StdOut=/gpfs/fs0/scratch/s/sutton/njqgame/OffpolicyAlgorithms/slurm-5120139.out
   Power=
   MailUser=njqgame@scinet.local MailType=NONE

sacct -j 5120139
       JobID    JobName    Account    Elapsed  MaxVMSize     MaxRSS  SystemCPU    UserCPU ExitCode 
------------ ---------- ---------- ---------- ---------- ---------- ---------- ---------- -------- 
5120139      MountainC+ def-sutton   00:38:52                        00:00.720  00:00.997      0:0 
5120139.bat+      batch def-sutton   00:38:52   1412988K     45460K  00:00.720  00:00.996      0:0 
5120139.ext+     extern def-sutton   00:38:52    138360K      1064K   00:00:00   00:00:00      0:0 
