/var/spool/slurm/slurmd/job5106551/slurm_script: line 25: /home/s/sutton/njqgame/RLENV/bin/activate: No such file or directory
The number of available cores is echo 
Current working directory is /gpfs/fs0/scratch/s/sutton/njqgame/OffpolicyAlgorithms
Running on hostname nia1808.scinet.local
Starting run at: Mon Apr  5 13:13:38 EDT 2021
MountainCar
Program test finished with exit code 0 at: Mon Apr  5 13:15:37 EDT 2021

scontrol show jobid 5106551
JobId=5106551 JobName=MountainCarTileCodingFeat_EQH
   UserId=njqgame(3108162) GroupId=sutton(6000291) MCS_label=N/A
   Priority=455079 Nice=0 Account=def-sutton QOS=normal
   JobState=COMPLETING Reason=None Dependency=(null)
   Requeue=0 Restarts=0 BatchFlag=1 Reboot=0 ExitCode=0:0
   RunTime=00:02:02 TimeLimit=02:59:00 TimeMin=N/A
   SubmitTime=2021-04-05T08:27:17 EligibleTime=2021-04-05T08:27:17
   AccrueTime=2021-04-05T08:27:17
   StartTime=2021-04-05T13:13:36 EndTime=2021-04-05T13:15:38 Deadline=N/A
   SuspendTime=None SecsPreSuspend=0 LastSchedEval=2021-04-05T13:13:36
   Partition=compute AllocNode:Sid=nia-login01:74744
   ReqNodeList=(null) ExcNodeList=(null)
   NodeList=nia1808
   BatchHost=nia1808
   NumNodes=1 NumCPUs=80 NumTasks=40 CPUs/Task=1 ReqB:S:C:T=0:0:*:*
   TRES=cpu=80,mem=175000M,node=1,billing=40
   Socks/Node=* NtasksPerN:B:S:C=40:0:*:* CoreSpec=*
   MinCPUsNode=40 MinMemoryNode=175000M MinTmpDiskNode=0
   Features=[skylake|cascade] DelayBoot=00:00:00
   OverSubscribe=NO Contiguous=0 Licenses=(null) Network=(null)
   Command=/gpfs/fs0/scratch/s/sutton/njqgame/OffpolicyAlgorithms/Submit_Jobs.SL
   WorkDir=/gpfs/fs0/scratch/s/sutton/njqgame/OffpolicyAlgorithms
   StdErr=/gpfs/fs0/scratch/s/sutton/njqgame/OffpolicyAlgorithms/slurm-5106551.out
   StdIn=/dev/null
   StdOut=/gpfs/fs0/scratch/s/sutton/njqgame/OffpolicyAlgorithms/slurm-5106551.out
   Power=
   MailUser=njqgame@scinet.local MailType=NONE

sacct -j 5106551
       JobID    JobName    Account    Elapsed  MaxVMSize     MaxRSS  SystemCPU    UserCPU ExitCode 
------------ ---------- ---------- ---------- ---------- ---------- ---------- ---------- -------- 
5106551      MountainC+ def-sutton   00:02:02                        00:00.416  00:00.552      0:0 
5106551.bat+      batch def-sutton   00:02:02    467360K     24848K  00:00.416  00:00.552      0:0 
5106551.ext+     extern def-sutton   00:02:02    138360K      1068K   00:00:00   00:00:00      0:0 
