The number of available cores is echo 
Current working directory is /gpfs/fs0/scratch/s/sutton/njqgame/OffpolicyAlgorithms
Running on hostname nia1779.scinet.local
Starting run at: Tue May 11 07:41:21 EDT 2021
MountainCar-v0
Step Limit Exceeded!
242
Step Limit Exceeded!
Step Limit Exceeded!
Step Limit Exceeded!
627
Step Limit Exceeded!
472
200
201
420
562
346
587
469
291
445
194
355
309
360
253
359
201
262
202
216
224
188
188
185
222
182
206
182
185
174
202
169
177
210
205
146
136
139
129
134
140
185
146
169
139
189
135
140
137
187
162
170
183
140
136
150
139
162
138
211
162
143
140
138
141
220
139
145
139
196
153
152
216
203
273
148
186
246
190
149
201
151
209
217
281
274
215
144
150
180
171
227
149
Step Limit Exceeded!
Step Limit Exceeded!
Step Limit Exceeded!
Step Limit Exceeded!
Step Limit Exceeded!
Step Limit Exceeded!
Step Limit Exceeded!
Step Limit Exceeded!
379
Step Limit Exceeded!
Step Limit Exceeded!
Step Limit Exceeded!
Step Limit Exceeded!
Step Limit Exceeded!
264
109
178
139
306
392
287
203
287
379
Step Limit Exceeded!
Step Limit Exceeded!
Step Limit Exceeded!
Step Limit Exceeded!
Step Limit Exceeded!
Step Limit Exceeded!
578
186
164
176
154
162
162
205
299
267
276
841
198
267
316
315
304
388
261
255
180
269
239
260
232
257
165
242
255
249
332
263
166
249
237
265
260
245
307
241
259
323
304
248
238
236
239
450
202
385
327
290
318
342
501
Step Limit Exceeded!
Step Limit Exceeded!
Step Limit Exceeded!
759
210
318
283
190
197
173
194
202
146
150
147
Step Limit Exceeded!
Step Limit Exceeded!
Step Limit Exceeded!
Step Limit Exceeded!
Step Limit Exceeded!
Step Limit Exceeded!
Step Limit Exceeded!
Step Limit Exceeded!
Step Limit Exceeded!
503
Step Limit Exceeded!
Step Limit Exceeded!
Step Limit Exceeded!
Step Limit Exceeded!
Step Limit Exceeded!
Step Limit Exceeded!
Step Limit Exceeded!
Step Limit Exceeded!
Step Limit Exceeded!
Step Limit Exceeded!
Step Limit Exceeded!
Step Limit Exceeded!
Step Limit Exceeded!
Step Limit Exceeded!
Step Limit Exceeded!
495
263
296
315
Step Limit Exceeded!
Step Limit Exceeded!
Step Limit Exceeded!
Step Limit Exceeded!
729
345
Step Limit Exceeded!
448
198
389
415
248
218
690
494
591
Step Limit Exceeded!
Step Limit Exceeded!
Step Limit Exceeded!
Step Limit Exceeded!
Step Limit Exceeded!
Step Limit Exceeded!
832
Step Limit Exceeded!
930
191
423
417
235
222
347
221
251
280
269
806
Step Limit Exceeded!
Step Limit Exceeded!
Step Limit Exceeded!
Step Limit Exceeded!
655
731
Step Limit Exceeded!
Step Limit Exceeded!
Step Limit Exceeded!
Step Limit Exceeded!
702
789
237
789
318
387
533
282
Step Limit Exceeded!
356
Step Limit Exceeded!
Step Limit Exceeded!
379
512
560
526
Step Limit Exceeded!
743
595
Step Limit Exceeded!
563
Step Limit Exceeded!
348
325
Step Limit Exceeded!
Step Limit Exceeded!
Step Limit Exceeded!
Step Limit Exceeded!
566
196
218
738
450
421
Step Limit Exceeded!
Step Limit Exceeded!
Step Limit Exceeded!
Step Limit Exceeded!
720
Step Limit Exceeded!
605
Step Limit Exceeded!
Step Limit Exceeded!
Step Limit Exceeded!
566
175
262
185
172
208
270
157
161
176
166
161
169
167
161
294
377
534
201
434
387
Step Limit Exceeded!
Step Limit Exceeded!
Step Limit Exceeded!
907
231
225
243
157
240
166
168
230
161
174
168
178
169
244
381
335
Step Limit Exceeded!
Step Limit Exceeded!
Step Limit Exceeded!
Step Limit Exceeded!
Step Limit Exceeded!
323
327
453
244
339
542
261
269
261
361
169
657
417
259
558
218
155
Step Limit Exceeded!
230
216
223
155
401
225
260
609
577
220
360
227
232
185
180
318
208
Step Limit Exceeded!
685
220
382
Step Limit Exceeded!
908
492
344
508
915
626
336
473
408
453
Step Limit Exceeded!
457
328
575
240
565
343
373
340
272
243
242
315
228
278
259
364
325
313
219
311
217
216
252
221
241
214
221
213
170
219
222
174
171
211
225
221
331
175
204
220
244
313
211
188
324
160
212
208
255
204
211
203
174
238
205
204
255
252
178
212
206
174
163
201
203
266
201
161
162
207
203
243
280
161
200
200
172
166
200
203
165
199
195
195
Step Limit Exceeded!
Step Limit Exceeded!
562
209
214
Step Limit Exceeded!
Step Limit Exceeded!
Step Limit Exceeded!
Step Limit Exceeded!
254
198
191
202
303
187
313
303
179
182
171
160
152
150
143
207
142
158
144
231
153
219
148
136
161
179
140
204
124
113
142
115
226
190
149
255
108
109
147
115
144
160
163
163
139
136
164
215
168
139
155
171
141
142
154
138
164
137
119
143
170
144
142
141
195
138
140
137
141
177
192
137
201
141
135
190
138
226
207
245
198
214
198
339
202
211
265
208
208
219
147
656
925
297
225
494
564
Step Limit Exceeded!
Step Limit Exceeded!
636
235
233
229
229
188
712
378
297
330
169
248
530
202
155
198
154
188
181
200
145
150
149
144
176
142
138
136
140
164
192
136
138
161
135
141
153
148
136
203
139
160
140
210
143
204
147
217
249
187
196
253
264
206
252
241
209
143
182
203
145
147
171
140
209
196
142
193
141
138
153
151
147
145
154
148
152
145
143
155
150
224
153
242
439
153
150
142
150
151
142
211
Step Limit Exceeded!
889
899
708
581
Step Limit Exceeded!
Step Limit Exceeded!
Step Limit Exceeded!
Step Limit Exceeded!
592
433
294
615
297
303
Step Limit Exceeded!
Step Limit Exceeded!
Step Limit Exceeded!
668
308
159
161
269
219
202
203
178
262
147
258
174
154
150
153
220
145
174
142
251
110
136
141
267
110
175
133
115
156
151
161
135
138
139
135
143
176
134
135
139
154
152
202
212
267
320
150
214
156
213
149
214
156
204
217
146
201
198
203
196
159
220
277
206
204
302
159
157
207
178
211
213
155
154
213
213
203
150
151
143
149
332
137
893
542
341
557
280
Step Limit Exceeded!
Step Limit Exceeded!
Step Limit Exceeded!
808
Step Limit Exceeded!
Step Limit Exceeded!
Step Limit Exceeded!
Step Limit Exceeded!
582
575
347
432
294
180
356
352
268
347
165
180
223
170
175
167
202
196
188
236
193
197
195
306
212
199
205
272
198
183
204
197
185
182
157
109
156
193
189
160
148
148
175
156
110
160
170
152
155
194
192
246
151
184
171
221
185
182
179
148
191
185
182
265
192
222
211
255
259
304
361
236
245
218
289
221
237
265
Step Limit Exceeded!
675
250
185
209
202
298
Step Limit Exceeded!
Step Limit Exceeded!
186
769
145
357
842
864
Step Limit Exceeded!
Step Limit Exceeded!
937
687
430
548
198
215
730
518
233
453
798
403
411
335
336
844
Step Limit Exceeded!
607
347
398
165
270
300
237
186
461
184
184
198
240
222
530
Step Limit Exceeded!
814
191
182
229
257
283
305
231
547
478
251
178
284
251
237
215
269
261
393
225
268
227
220
424
217
220
246
460
230
143
173
144
166
153
160
192
151
240
216
227
138
141
187
230
166
190
187
136
224
195
284
421
275
952
422
194
184
Matplotlib created a temporary config/cache directory at /tmp/matplotlib-e36mr613 because the default path (/home/s/sutton/njqgame/.config/matplotlib) is not a writable directory; it is highly recommended to set the MPLCONFIGDIR environment variable to a writable directory, in particular to speed up the import of Matplotlib and to better support multiprocessing.
MountainCar-v0
Step Limit Exceeded!
Step Limit Exceeded!
Step Limit Exceeded!
Step Limit Exceeded!
Step Limit Exceeded!
Step Limit Exceeded!
Step Limit Exceeded!
Step Limit Exceeded!
Step Limit Exceeded!
Step Limit Exceeded!
Step Limit Exceeded!
Step Limit Exceeded!
Step Limit Exceeded!
Step Limit Exceeded!
Step Limit Exceeded!
Step Limit Exceeded!
Step Limit Exceeded!
Step Limit Exceeded!
872
Step Limit Exceeded!
Step Limit Exceeded!
Step Limit Exceeded!
Step Limit Exceeded!
Step Limit Exceeded!
Step Limit Exceeded!
Step Limit Exceeded!
Step Limit Exceeded!
Step Limit Exceeded!
Step Limit Exceeded!
Step Limit Exceeded!
Step Limit Exceeded!
Step Limit Exceeded!
Step Limit Exceeded!
Step Limit Exceeded!
Step Limit Exceeded!
Step Limit Exceeded!
Step Limit Exceeded!
Step Limit Exceeded!
714
394
478
200
403
238
614
327
850
620
Step Limit Exceeded!
Step Limit Exceeded!
750
Step Limit Exceeded!
593
Step Limit Exceeded!
546
388
419
617
376
421
319
261
337
388
344
529
318
281
393
229
327
226
221
498
427
304
358
335
309
233
248
285
209
217
264
259
270
211
172
176
261
186
265
167
167
171
173
173
175
165
545
717
401
388
Step Limit Exceeded!
Step Limit Exceeded!
Step Limit Exceeded!
Step Limit Exceeded!
Step Limit Exceeded!
Step Limit Exceeded!
280
207
371
352
336
423
220
460
243
272
230
364
207
189
156
170
172
177
211
178
168
177
142
194
144
168
174
165
169
166
157
182
135
138
139
145
121
165
166
162
215
227
188
201
201
187
166
245
212
231
270
217
187
326
185
315
367
202
162
262
138
136
254
274
139
457
198
138
137
206
209
139
306
181
202
210
204
195
214
212
198
203
514
294
226
226
263
316
312
399
Step Limit Exceeded!
429
568
652
328
349
468
364
234
352
265
234
193
287
218
172
274
245
180
190
168
183
131
146
127
193
150
144
218
130
165
123
145
165
116
132
149
152
145
146
149
114
131
99
166
145
196
158
147
137
136
116
115
191
112
146
141
139
188
163
157
140
139
122
114
138
136
147
132
141
135
137
147
140
135
210
142
137
140
135
199
201
196
147
202
204
143
145
147
151
148
220
213
157
157
150
156
160
308
147
Step Limit Exceeded!
Step Limit Exceeded!
Step Limit Exceeded!
Step Limit Exceeded!
Step Limit Exceeded!
514
246
Step Limit Exceeded!
880
Step Limit Exceeded!
875
214
280
184
181
202
205
257
264
203
302
208
269
246
185
193
325
207
202
194
225
241
239
228
114
111
168
108
214
173
128
166
136
149
142
144
170
143
183
138
137
205
171
154
138
232
205
176
213
146
147
218
226
177
226
151
151
149
157
193
154
152
96
147
145
135
148
145
158
166
159
529
146
210
139
194
138
153
145
145
154
211
213
298
207
210
386
207
145
154
328
Step Limit Exceeded!
359
187
202
724
Step Limit Exceeded!
Step Limit Exceeded!
303
310
304
348
443
162
252
275
303
172
156
191
157
205
212
251
159
141
150
239
155
225
219
234
218
322
194
149
146
153
89
153
120
239
232
162
185
160
230
154
150
262
144
200
219
158
141
140
223
138
244
292
275
159
235
296
276
Step Limit Exceeded!
156
165
307
151
177
153
158
150
155
149
147
157
153
141
144
152
226
140
219
111
204
171
204
232
165
176
152
178
169
144
173
173
169
159
Step Limit Exceeded!
Step Limit Exceeded!
Step Limit Exceeded!
Step Limit Exceeded!
Step Limit Exceeded!
Step Limit Exceeded!
Step Limit Exceeded!
Step Limit Exceeded!
Step Limit Exceeded!
Step Limit Exceeded!
Step Limit Exceeded!
Step Limit Exceeded!
434
Step Limit Exceeded!
Step Limit Exceeded!
Step Limit Exceeded!
Step Limit Exceeded!
460
Step Limit Exceeded!
746
747
382
289
377
555
Step Limit Exceeded!
497
Step Limit Exceeded!
Step Limit Exceeded!
Step Limit Exceeded!
Step Limit Exceeded!
472
290
401
193
302
305
275
207
188
228
199
286
296
Step Limit Exceeded!
Step Limit Exceeded!
Step Limit Exceeded!
Step Limit Exceeded!
449
255
213
264
173
173
182
319
286
493
183
162
162
122
171
107
176
122
212
120
198
171
109
195
366
237
226
208
217
222
160
292
225
209
190
198
184
183
227
219
186
193
281
175
170
250
209
239
245
257
170
161
Step Limit Exceeded!
Step Limit Exceeded!
Step Limit Exceeded!
Step Limit Exceeded!
289
998
536
Step Limit Exceeded!
Step Limit Exceeded!
811
420
288
173
244
191
168
567
297
227
515
200
156
223
253
146
158
230
224
219
393
221
223
160
159
287
157
162
157
211
246
161
157
247
157
205
202
202
250
227
220
174
228
251
149
260
231
221
233
141
141
143
209
205
202
199
242
207
213
266
213
204
203
272
200
204
325
142
144
143
144
143
289
143
145
147
147
141
139
198
141
141
144
138
146
147
136
145
147
142
148
Step Limit Exceeded!
Step Limit Exceeded!
Step Limit Exceeded!
Step Limit Exceeded!
392
820
355
Step Limit Exceeded!
939
478
574
337
266
Step Limit Exceeded!
311
560
611
488
515
Step Limit Exceeded!
490
829
608
900
286
306
680
401
579
Step Limit Exceeded!
642
441
527
464
Step Limit Exceeded!
464
714
902
987
465
615
377
Step Limit Exceeded!
557
320
863
547
482
Step Limit Exceeded!
Step Limit Exceeded!
426
428
587
Step Limit Exceeded!
264
699
361
Step Limit Exceeded!
329
534
518
476
895
Step Limit Exceeded!
897
352
240
274
774
364
Step Limit Exceeded!
381
610
440
297
525
271
592
Step Limit Exceeded!
240
966
Step Limit Exceeded!
292
324
697
992
281
326
727
278
378
Step Limit Exceeded!
748
562
397
580
732
836
243
460
Step Limit Exceeded!
Step Limit Exceeded!
Step Limit Exceeded!
685
329
475
528
Step Limit Exceeded!
Step Limit Exceeded!
481
347
240
211
158
223
243
151
162
125
218
158
164
168
151
195
165
150
144
204
198
189
276
252
197
230
205
198
203
219
193
194
174
191
174
197
193
170
204
193
190
345
552
202
206
227
185
294
198
218
112
190
183
159
112
194
187
215
179
295
560
324
302
172
197
189
259
217
597
259
144
145
150
370
146
203
207
145
216
211
163
153
231
150
590
154
147
153
151
143
152
Step Limit Exceeded!
Step Limit Exceeded!
Step Limit Exceeded!
Step Limit Exceeded!
Step Limit Exceeded!
Step Limit Exceeded!
Step Limit Exceeded!
Step Limit Exceeded!
775
403
533
Step Limit Exceeded!
527
354
457
526
894
844
613
945
655
592
806
343
465
Step Limit Exceeded!
775
517
494
341
913
Step Limit Exceeded!
562
620
578
599
565
764
288
395
883
389
Step Limit Exceeded!
Step Limit Exceeded!
415
244
353
Step Limit Exceeded!
614
405
371
260
452
527
Step Limit Exceeded!
295
482
418
587
597
443
780
609
Step Limit Exceeded!
715
279
570
341
Step Limit Exceeded!
754
378
Step Limit Exceeded!
Step Limit Exceeded!
433
362
489
Step Limit Exceeded!
850
466
386
Step Limit Exceeded!
559
333
521
234
428
Step Limit Exceeded!
392
709
534
Step Limit Exceeded!
398
807
Step Limit Exceeded!
775
469
Step Limit Exceeded!
Step Limit Exceeded!
919
Step Limit Exceeded!
Matplotlib created a temporary config/cache directory at /tmp/matplotlib-rqlhn_cw because the default path (/home/s/sutton/njqgame/.config/matplotlib) is not a writable directory; it is highly recommended to set the MPLCONFIGDIR environment variable to a writable directory, in particular to speed up the import of Matplotlib and to better support multiprocessing.
MountainCar-v0
Step Limit Exceeded!
Step Limit Exceeded!
978
Step Limit Exceeded!
Step Limit Exceeded!
423
458
867
631
388
178
454
258
302
255
159
195
178
362
230
194
196
166
247
195
224
195
186
299
309
219
285
357
235
216
158
279
415
225
449
231
154
154
156
148
143
149
149
146
145
140
150
140
147
147
141
167
189
146
153
174
209
373
511
423
189
310
196
Step Limit Exceeded!
Step Limit Exceeded!
Step Limit Exceeded!
402
525
497
153
148
142
154
202
113
208
119
120
134
217
126
201
138
215
216
135
117
138
149
149
152
147
143
152
160
Step Limit Exceeded!
Step Limit Exceeded!
Step Limit Exceeded!
Step Limit Exceeded!
Step Limit Exceeded!
Step Limit Exceeded!
Step Limit Exceeded!
Step Limit Exceeded!
Step Limit Exceeded!
Step Limit Exceeded!
Step Limit Exceeded!
Step Limit Exceeded!
Step Limit Exceeded!
Step Limit Exceeded!
297
445
176
477
317
330
422
587
278
Step Limit Exceeded!
370
288
183
257
205
203
171
188
149
233
195
179
259
281
390
188
188
272
270
527
282
258
243
408
219
287
Step Limit Exceeded!
Step Limit Exceeded!
Step Limit Exceeded!
Step Limit Exceeded!
Step Limit Exceeded!
Step Limit Exceeded!
Step Limit Exceeded!
Step Limit Exceeded!
Step Limit Exceeded!
Step Limit Exceeded!
Step Limit Exceeded!
Step Limit Exceeded!
Step Limit Exceeded!
712
261
154
151
242
204
189
186
252
322
495
469
606
298
222
Step Limit Exceeded!
Step Limit Exceeded!
Step Limit Exceeded!
Step Limit Exceeded!
853
243
253
229
Step Limit Exceeded!
631
611
275
294
192
142
144
223
149
144
140
144
146
Step Limit Exceeded!
Step Limit Exceeded!
Step Limit Exceeded!
Step Limit Exceeded!
Step Limit Exceeded!
Step Limit Exceeded!
Step Limit Exceeded!
Step Limit Exceeded!
Step Limit Exceeded!
Step Limit Exceeded!
502
651
Step Limit Exceeded!
381
484
353
292
397
390
339
641
645
659
Step Limit Exceeded!
711
341
277
174
285
155
229
262
152
385
144
239
269
516
460
148
550
Step Limit Exceeded!
257
236
234
158
148
147
171
147
142
143
187
153
162
151
102
124
143
158
157
119
162
155
167
247
218
164
153
218
218
170
150
166
218
301
709
221
157
152
156
255
154
757
476
231
230
237
157
301
157
163
230
152
181
188
193
192
203
217
Step Limit Exceeded!
Step Limit Exceeded!
Step Limit Exceeded!
Step Limit Exceeded!
Step Limit Exceeded!
Step Limit Exceeded!
Step Limit Exceeded!
Step Limit Exceeded!
Step Limit Exceeded!
Step Limit Exceeded!
Step Limit Exceeded!
Step Limit Exceeded!
Step Limit Exceeded!
Step Limit Exceeded!
Step Limit Exceeded!
Step Limit Exceeded!
Step Limit Exceeded!
Step Limit Exceeded!
Step Limit Exceeded!
Step Limit Exceeded!
Step Limit Exceeded!
Step Limit Exceeded!
Step Limit Exceeded!
Step Limit Exceeded!
Step Limit Exceeded!
Step Limit Exceeded!
Step Limit Exceeded!
Step Limit Exceeded!
Step Limit Exceeded!
Step Limit Exceeded!
Step Limit Exceeded!
Step Limit Exceeded!
Step Limit Exceeded!
Step Limit Exceeded!
Step Limit Exceeded!
Step Limit Exceeded!
Step Limit Exceeded!
Step Limit Exceeded!
Step Limit Exceeded!
Step Limit Exceeded!
Step Limit Exceeded!
Step Limit Exceeded!
Step Limit Exceeded!
Step Limit Exceeded!
Step Limit Exceeded!
Step Limit Exceeded!
Step Limit Exceeded!
Step Limit Exceeded!
Step Limit Exceeded!
Step Limit Exceeded!
Step Limit Exceeded!
Step Limit Exceeded!
Step Limit Exceeded!
Step Limit Exceeded!
Step Limit Exceeded!
Step Limit Exceeded!
Step Limit Exceeded!
Step Limit Exceeded!
Step Limit Exceeded!
Step Limit Exceeded!
Step Limit Exceeded!
Step Limit Exceeded!
Step Limit Exceeded!
703
Step Limit Exceeded!
Step Limit Exceeded!
Step Limit Exceeded!
Step Limit Exceeded!
Step Limit Exceeded!
Step Limit Exceeded!
Step Limit Exceeded!
Step Limit Exceeded!
Step Limit Exceeded!
Step Limit Exceeded!
Step Limit Exceeded!
Step Limit Exceeded!
Step Limit Exceeded!
Step Limit Exceeded!
Step Limit Exceeded!
Step Limit Exceeded!
Step Limit Exceeded!
Step Limit Exceeded!
Step Limit Exceeded!
Step Limit Exceeded!
Step Limit Exceeded!
Step Limit Exceeded!
Step Limit Exceeded!
Step Limit Exceeded!
Step Limit Exceeded!
Step Limit Exceeded!
Step Limit Exceeded!
Step Limit Exceeded!
Step Limit Exceeded!
Step Limit Exceeded!
Step Limit Exceeded!
Step Limit Exceeded!
Step Limit Exceeded!
Step Limit Exceeded!
Step Limit Exceeded!
Step Limit Exceeded!
Step Limit Exceeded!
Step Limit Exceeded!
Step Limit Exceeded!
401
569
366
915
757
556
421
337
345
217
316
364
282
175
183
208
365
220
216
219
195
188
210
227
190
154
158
154
154
213
199
237
184
233
189
198
342
197
220
169
346
326
293
558
460
453
446
913
760
685
536
619
796
623
785
272
256
203
146
181
218
413
283
205
487
365
209
763
303
215
252
385
292
399
277
295
298
452
288
240
268
374
194
198
611
287
237
496
Step Limit Exceeded!
523
Step Limit Exceeded!
900
497
Step Limit Exceeded!
568
625
Step Limit Exceeded!
Step Limit Exceeded!
505
Step Limit Exceeded!
663
467
431
494
272
438
219
306
323
422
303
344
222
259
155
214
164
286
143
161
157
165
138
193
151
149
478
218
149
145
160
145
144
157
151
144
151
146
143
142
164
143
219
229
191
149
153
145
120
149
211
176
124
127
139
193
151
197
214
167
116
189
191
255
115
128
179
173
191
152
208
139
192
190
155
179
240
114
185
146
150
151
149
148
143
144
149
150
142
141
142
146
148
184
179
111
204
Step Limit Exceeded!
Step Limit Exceeded!
Step Limit Exceeded!
457
886
878
288
Step Limit Exceeded!
389
284
267
421
129
215
231
133
206
174
160
175
181
243
172
148
152
153
152
169
153
153
157
155
151
141
155
149
156
142
223
147
145
156
199
165
139
238
143
142
160
147
145
146
196
217
214
296
147
237
208
158
215
467
157
149
154
155
147
137
127
134
119
265
204
202
214
131
126
119
124
155
198
122
199
178
123
121
185
198
118
164
174
166
152
169
155
143
153
146
147
156
Step Limit Exceeded!
Step Limit Exceeded!
Step Limit Exceeded!
159
Step Limit Exceeded!
Step Limit Exceeded!
Step Limit Exceeded!
Step Limit Exceeded!
603
533
780
452
189
374
328
331
373
346
443
227
253
330
186
200
125
258
201
128
123
127
119
170
191
275
133
194
159
146
235
129
136
141
148
112
143
149
142
144
145
138
175
171
204
154
141
110
204
169
217
282
216
310
153
157
144
152
162
149
158
154
151
151
160
151
145
148
153
172
136
246
221
155
163
146
153
196
147
141
162
147
115
148
133
108
147
182
145
112
133
168
Step Limit Exceeded!
Step Limit Exceeded!
Step Limit Exceeded!
Step Limit Exceeded!
Step Limit Exceeded!
Step Limit Exceeded!
Step Limit Exceeded!
Step Limit Exceeded!
Step Limit Exceeded!
Step Limit Exceeded!
Step Limit Exceeded!
Step Limit Exceeded!
Step Limit Exceeded!
Step Limit Exceeded!
Step Limit Exceeded!
Step Limit Exceeded!
Step Limit Exceeded!
Step Limit Exceeded!
Step Limit Exceeded!
Step Limit Exceeded!
Step Limit Exceeded!
Step Limit Exceeded!
888
Step Limit Exceeded!
Step Limit Exceeded!
Step Limit Exceeded!
Step Limit Exceeded!
Step Limit Exceeded!
Step Limit Exceeded!
Step Limit Exceeded!
Step Limit Exceeded!
Step Limit Exceeded!
604
Step Limit Exceeded!
Step Limit Exceeded!
Step Limit Exceeded!
870
227
450
475
Step Limit Exceeded!
324
125
275
251
320
232
286
521
471
564
910
Step Limit Exceeded!
602
455
364
Step Limit Exceeded!
580
533
630
Step Limit Exceeded!
310
245
321
261
241
370
Step Limit Exceeded!
286
562
331
396
381
Step Limit Exceeded!
890
Step Limit Exceeded!
243
296
703
445
329
709
295
Step Limit Exceeded!
950
321
321
362
304
Step Limit Exceeded!
636
402
444
349
Step Limit Exceeded!
Step Limit Exceeded!
355
559
251
368
392
779
Step Limit Exceeded!
755
Step Limit Exceeded!
286
323
149
300
253
192
189
264
248
154
160
147
149
146
151
151
229
203
157
148
166
166
141
143
140
145
145
147
195
152
146
207
275
142
145
193
147
141
260
206
151
153
219
149
149
151
159
147
221
162
148
151
157
214
159
211
153
294
215
151
154
144
170
152
150
150
155
150
155
150
168
140
146
156
146
151
143
145
141
136
138
136
138
161
146
147
150
144
146
339
146
150
151
154
152
Matplotlib created a temporary config/cache directory at /tmp/matplotlib-01kgpydw because the default path (/home/s/sutton/njqgame/.config/matplotlib) is not a writable directory; it is highly recommended to set the MPLCONFIGDIR environment variable to a writable directory, in particular to speed up the import of Matplotlib and to better support multiprocessing.
MountainCar-v0
Step Limit Exceeded!
Step Limit Exceeded!
Step Limit Exceeded!
682
Step Limit Exceeded!
841
522
Step Limit Exceeded!
259
397
610
257
502
309
244
249
325
299
179
228
159
234
209
339
161
300
152
213
154
158
94
160
156
160
166
124
165
124
168
152
151
141
150
146
265
144
146
142
155
166
153
159
249
173
155
176
194
165
185
274
241
223
196
170
198
148
206
203
195
234
162
146
242
165
143
190
126
163
196
197
195
132
197
201
264
158
157
131
183
240
154
166
160
167
155
165
173
354
145
97
Step Limit Exceeded!
Step Limit Exceeded!
Step Limit Exceeded!
Step Limit Exceeded!
Step Limit Exceeded!
Step Limit Exceeded!
681
Step Limit Exceeded!
Step Limit Exceeded!
206
385
264
337
401
341
318
307
150
152
219
153
227
181
264
201
345
267
Step Limit Exceeded!
671
252
163
156
161
180
165
149
142
227
150
162
154
232
138
170
145
177
176
166
185
188
223
165
209
155
189
163
160
182
181
172
121
203
151
210
178
238
301
296
228
435
665
Step Limit Exceeded!
194
127
210
Step Limit Exceeded!
280
156
249
202
366
277
505
330
167
166
252
243
230
262
228
240
Step Limit Exceeded!
Step Limit Exceeded!
Step Limit Exceeded!
Step Limit Exceeded!
Step Limit Exceeded!
Step Limit Exceeded!
Step Limit Exceeded!
Step Limit Exceeded!
Step Limit Exceeded!
Step Limit Exceeded!
Step Limit Exceeded!
Step Limit Exceeded!
Step Limit Exceeded!
Step Limit Exceeded!
Step Limit Exceeded!
Step Limit Exceeded!
Step Limit Exceeded!
Step Limit Exceeded!
Step Limit Exceeded!
Step Limit Exceeded!
Step Limit Exceeded!
Step Limit Exceeded!
Step Limit Exceeded!
Step Limit Exceeded!
Step Limit Exceeded!
Step Limit Exceeded!
Step Limit Exceeded!
Step Limit Exceeded!
Step Limit Exceeded!
Step Limit Exceeded!
Step Limit Exceeded!
Step Limit Exceeded!
Step Limit Exceeded!
Step Limit Exceeded!
Step Limit Exceeded!
Step Limit Exceeded!
Step Limit Exceeded!
Step Limit Exceeded!
Step Limit Exceeded!
Step Limit Exceeded!
Step Limit Exceeded!
Step Limit Exceeded!
Step Limit Exceeded!
Step Limit Exceeded!
Step Limit Exceeded!
Step Limit Exceeded!
Step Limit Exceeded!
Step Limit Exceeded!
Step Limit Exceeded!
Step Limit Exceeded!
Step Limit Exceeded!
Step Limit Exceeded!
Step Limit Exceeded!
Step Limit Exceeded!
Step Limit Exceeded!
Step Limit Exceeded!
Step Limit Exceeded!
Step Limit Exceeded!
Step Limit Exceeded!
Step Limit Exceeded!
Step Limit Exceeded!
Step Limit Exceeded!
Step Limit Exceeded!
Step Limit Exceeded!
Step Limit Exceeded!
Step Limit Exceeded!
Step Limit Exceeded!
Step Limit Exceeded!
Step Limit Exceeded!
Step Limit Exceeded!
Step Limit Exceeded!
Step Limit Exceeded!
Step Limit Exceeded!
Step Limit Exceeded!
Step Limit Exceeded!
Step Limit Exceeded!
Step Limit Exceeded!
Step Limit Exceeded!
Step Limit Exceeded!
Step Limit Exceeded!
Step Limit Exceeded!
Step Limit Exceeded!
Step Limit Exceeded!
Step Limit Exceeded!
Step Limit Exceeded!
Step Limit Exceeded!
Step Limit Exceeded!
Step Limit Exceeded!
Step Limit Exceeded!
Step Limit Exceeded!
Step Limit Exceeded!
Step Limit Exceeded!
Step Limit Exceeded!
Step Limit Exceeded!
Step Limit Exceeded!
Step Limit Exceeded!
Step Limit Exceeded!
Step Limit Exceeded!
Step Limit Exceeded!
Step Limit Exceeded!
Step Limit Exceeded!
Step Limit Exceeded!
Step Limit Exceeded!
Step Limit Exceeded!
Step Limit Exceeded!
Step Limit Exceeded!
685
Step Limit Exceeded!
733
967
Step Limit Exceeded!
640
972
727
Step Limit Exceeded!
340
469
378
408
321
232
434
340
231
198
168
160
230
223
145
237
200
163
202
207
185
216
153
155
163
203
162
181
204
199
239
157
173
122
126
161
197
122
139
204
202
147
198
147
114
191
144
196
137
160
157
156
237
249
97
148
152
202
153
159
153
210
148
161
144
147
166
138
185
227
153
167
158
161
158
168
151
147
167
152
154
149
163
154
158
223
137
160
113
209
164
141
240
Step Limit Exceeded!
Step Limit Exceeded!
Step Limit Exceeded!
707
916
925
943
Step Limit Exceeded!
543
654
Step Limit Exceeded!
335
432
387
262
298
243
214
415
220
244
321
252
306
162
168
231
180
163
167
276
116
118
195
156
173
205
185
318
803
330
344
Step Limit Exceeded!
Step Limit Exceeded!
639
149
213
149
206
220
217
189
164
165
152
140
206
215
344
207
363
225
147
168
163
163
218
145
152
153
124
156
148
169
206
266
220
344
315
207
426
381
436
269
334
191
322
301
144
254
212
256
926
162
203
217
187
328
165
243
389
Step Limit Exceeded!
Step Limit Exceeded!
Step Limit Exceeded!
Step Limit Exceeded!
784
Step Limit Exceeded!
845
631
562
338
238
255
258
195
280
849
278
284
340
415
276
171
344
198
123
119
132
197
156
150
147
150
227
153
218
137
146
150
225
167
216
208
129
174
173
128
132
121
229
165
191
194
112
154
119
142
167
148
146
146
195
216
388
287
330
179
169
227
164
174
173
172
155
171
169
254
155
158
153
143
148
143
220
249
219
240
Step Limit Exceeded!
970
215
207
188
299
186
151
188
431
193
199
188
Step Limit Exceeded!
Step Limit Exceeded!
Step Limit Exceeded!
Step Limit Exceeded!
Step Limit Exceeded!
Step Limit Exceeded!
Step Limit Exceeded!
926
Step Limit Exceeded!
959
772
942
350
318
248
281
331
531
282
363
164
155
158
198
618
301
144
141
145
226
154
203
153
391
149
263
145
193
214
191
159
151
255
205
661
152
205
188
214
172
187
126
202
154
199
141
119
132
117
210
119
137
157
169
147
147
149
224
153
152
150
222
164
232
152
152
149
152
148
151
371
164
140
153
191
126
304
304
224
Step Limit Exceeded!
943
395
313
395
175
134
167
143
194
121
Step Limit Exceeded!
Step Limit Exceeded!
957
Step Limit Exceeded!
602
627
343
344
205
268
335
273
357
224
203
222
199
248
200
262
214
220
216
238
151
160
Step Limit Exceeded!
390
445
295
526
151
146
277
175
227
243
252
171
168
155
171
157
324
245
152
141
150
159
151
121
160
210
203
213
123
128
128
134
131
176
151
169
148
253
147
151
151
240
159
156
162
224
278
163
223
200
259
350
183
296
151
173
164
227
256
325
178
433
188
138
117
613
199
196
157
162
193
152
120
Step Limit Exceeded!
Step Limit Exceeded!
Step Limit Exceeded!
Step Limit Exceeded!
Step Limit Exceeded!
Step Limit Exceeded!
Step Limit Exceeded!
Step Limit Exceeded!
Step Limit Exceeded!
Step Limit Exceeded!
Step Limit Exceeded!
Step Limit Exceeded!
Step Limit Exceeded!
Step Limit Exceeded!
Step Limit Exceeded!
Step Limit Exceeded!
Step Limit Exceeded!
Step Limit Exceeded!
Step Limit Exceeded!
Step Limit Exceeded!
Step Limit Exceeded!
Step Limit Exceeded!
Step Limit Exceeded!
Step Limit Exceeded!
Step Limit Exceeded!
Step Limit Exceeded!
Step Limit Exceeded!
Step Limit Exceeded!
Step Limit Exceeded!
Step Limit Exceeded!
Step Limit Exceeded!
Step Limit Exceeded!
Step Limit Exceeded!
Step Limit Exceeded!
Step Limit Exceeded!
Step Limit Exceeded!
Step Limit Exceeded!
Step Limit Exceeded!
Step Limit Exceeded!
Step Limit Exceeded!
Step Limit Exceeded!
Step Limit Exceeded!
Step Limit Exceeded!
Step Limit Exceeded!
889
Step Limit Exceeded!
Step Limit Exceeded!
Step Limit Exceeded!
Step Limit Exceeded!
Step Limit Exceeded!
Step Limit Exceeded!
Step Limit Exceeded!
Step Limit Exceeded!
Step Limit Exceeded!
Step Limit Exceeded!
Step Limit Exceeded!
Step Limit Exceeded!
Step Limit Exceeded!
Step Limit Exceeded!
Step Limit Exceeded!
Step Limit Exceeded!
Step Limit Exceeded!
Step Limit Exceeded!
Step Limit Exceeded!
Step Limit Exceeded!
Step Limit Exceeded!
Step Limit Exceeded!
Step Limit Exceeded!
Step Limit Exceeded!
Step Limit Exceeded!
Step Limit Exceeded!
Step Limit Exceeded!
Step Limit Exceeded!
Step Limit Exceeded!
Step Limit Exceeded!
Step Limit Exceeded!
Step Limit Exceeded!
Step Limit Exceeded!
Step Limit Exceeded!
Step Limit Exceeded!
Step Limit Exceeded!
Step Limit Exceeded!
Step Limit Exceeded!
Step Limit Exceeded!
Step Limit Exceeded!
Step Limit Exceeded!
Step Limit Exceeded!
Step Limit Exceeded!
Step Limit Exceeded!
Step Limit Exceeded!
Step Limit Exceeded!
Step Limit Exceeded!
789
Step Limit Exceeded!
Step Limit Exceeded!
Step Limit Exceeded!
994
Step Limit Exceeded!
Step Limit Exceeded!
Step Limit Exceeded!
954
253
768
Step Limit Exceeded!
568
892
Step Limit Exceeded!
359
863
513
273
582
159
218
284
406
318
359
167
215
169
159
211
181
174
184
170
145
161
265
147
167
213
146
180
193
259
167
167
151
148
224
157
158
200
166
147
153
189
162
196
207
235
164
193
232
341
233
204
412
238
289
152
193
251
135
248
191
128
116
115
127
119
129
158
124
194
148
156
158
231
160
325
155
149
240
211
312
239
225
158
322
149
164
155
221
158
185
388
247
Matplotlib created a temporary config/cache directory at /tmp/matplotlib-a6sz669z because the default path (/home/s/sutton/njqgame/.config/matplotlib) is not a writable directory; it is highly recommended to set the MPLCONFIGDIR environment variable to a writable directory, in particular to speed up the import of Matplotlib and to better support multiprocessing.
MountainCar-v0
Step Limit Exceeded!
Step Limit Exceeded!
Step Limit Exceeded!
Step Limit Exceeded!
Step Limit Exceeded!
Step Limit Exceeded!
Step Limit Exceeded!
Step Limit Exceeded!
Step Limit Exceeded!
Step Limit Exceeded!
Step Limit Exceeded!
Step Limit Exceeded!
Step Limit Exceeded!
Step Limit Exceeded!
Step Limit Exceeded!
Step Limit Exceeded!
Step Limit Exceeded!
404
Step Limit Exceeded!
Step Limit Exceeded!
Step Limit Exceeded!
Step Limit Exceeded!
Step Limit Exceeded!
Step Limit Exceeded!
Step Limit Exceeded!
Step Limit Exceeded!
Step Limit Exceeded!
Step Limit Exceeded!
Step Limit Exceeded!
Step Limit Exceeded!
Step Limit Exceeded!
Step Limit Exceeded!
Step Limit Exceeded!
669
Step Limit Exceeded!
Step Limit Exceeded!
Step Limit Exceeded!
Step Limit Exceeded!
Step Limit Exceeded!
Step Limit Exceeded!
Step Limit Exceeded!
Step Limit Exceeded!
Step Limit Exceeded!
Step Limit Exceeded!
Step Limit Exceeded!
Step Limit Exceeded!
Step Limit Exceeded!
Step Limit Exceeded!
Step Limit Exceeded!
Step Limit Exceeded!
Step Limit Exceeded!
Step Limit Exceeded!
Step Limit Exceeded!
Step Limit Exceeded!
Step Limit Exceeded!
Step Limit Exceeded!
Step Limit Exceeded!
718
Step Limit Exceeded!
Step Limit Exceeded!
Step Limit Exceeded!
Step Limit Exceeded!
Step Limit Exceeded!
Step Limit Exceeded!
Step Limit Exceeded!
Step Limit Exceeded!
Step Limit Exceeded!
Step Limit Exceeded!
Step Limit Exceeded!
Step Limit Exceeded!
Step Limit Exceeded!
Step Limit Exceeded!
Step Limit Exceeded!
Step Limit Exceeded!
Step Limit Exceeded!
Step Limit Exceeded!
Step Limit Exceeded!
Step Limit Exceeded!
Step Limit Exceeded!
Step Limit Exceeded!
Step Limit Exceeded!
Step Limit Exceeded!
Step Limit Exceeded!
Step Limit Exceeded!
Step Limit Exceeded!
Step Limit Exceeded!
Step Limit Exceeded!
Step Limit Exceeded!
Step Limit Exceeded!
606
Step Limit Exceeded!
Step Limit Exceeded!
Step Limit Exceeded!
Step Limit Exceeded!
Step Limit Exceeded!
Step Limit Exceeded!
Step Limit Exceeded!
Step Limit Exceeded!
Step Limit Exceeded!
Step Limit Exceeded!
Step Limit Exceeded!
Step Limit Exceeded!
Step Limit Exceeded!
Step Limit Exceeded!
Step Limit Exceeded!
Step Limit Exceeded!
Step Limit Exceeded!
Step Limit Exceeded!
421
720
508
361
291
271
219
316
203
192
229
198
223
195
166
311
169
135
145
150
235
147
219
146
181
131
155
149
165
161
320
153
148
156
155
159
219
218
221
147
153
147
214
152
143
140
145
515
462
147
144
146
149
149
141
114
114
124
180
132
122
126
118
185
115
147
145
119
261
182
155
184
191
123
218
198
367
194
156
178
318
137
120
119
125
187
147
146
165
147
240
262
Step Limit Exceeded!
861
837
Step Limit Exceeded!
541
838
618
993
Step Limit Exceeded!
314
388
294
351
326
277
316
247
243
252
174
239
152
170
218
300
194
148
146
169
138
137
137
154
146
147
206
145
143
143
145
197
143
139
144
223
149
146
157
157
153
157
152
152
147
239
259
260
195
164
204
199
358
287
Step Limit Exceeded!
909
147
215
209
410
278
246
285
436
258
210
254
199
Step Limit Exceeded!
575
284
796
465
302
146
142
238
216
214
200
186
164
239
150
145
214
195
196
288
327
590
Step Limit Exceeded!
Step Limit Exceeded!
911
594
628
Step Limit Exceeded!
Step Limit Exceeded!
Step Limit Exceeded!
Step Limit Exceeded!
Step Limit Exceeded!
Step Limit Exceeded!
Step Limit Exceeded!
Step Limit Exceeded!
Step Limit Exceeded!
Step Limit Exceeded!
Step Limit Exceeded!
852
944
Step Limit Exceeded!
967
528
370
619
858
249
389
535
794
818
609
944
838
805
517
Step Limit Exceeded!
793
404
451
396
Step Limit Exceeded!
535
350
747
272
456
676
423
670
185
756
277
527
381
Step Limit Exceeded!
800
431
233
335
687
Step Limit Exceeded!
453
397
343
366
491
489
887
264
329
Step Limit Exceeded!
374
332
Step Limit Exceeded!
873
479
Step Limit Exceeded!
405
647
726
422
606
Step Limit Exceeded!
611
559
364
Step Limit Exceeded!
710
668
582
626
487
678
Step Limit Exceeded!
946
277
Step Limit Exceeded!
762
345
756
Step Limit Exceeded!
Step Limit Exceeded!
Step Limit Exceeded!
Step Limit Exceeded!
Step Limit Exceeded!
Step Limit Exceeded!
Step Limit Exceeded!
Step Limit Exceeded!
Step Limit Exceeded!
Step Limit Exceeded!
Step Limit Exceeded!
Step Limit Exceeded!
605
Step Limit Exceeded!
Step Limit Exceeded!
Step Limit Exceeded!
Step Limit Exceeded!
Step Limit Exceeded!
Step Limit Exceeded!
Step Limit Exceeded!
Step Limit Exceeded!
Step Limit Exceeded!
Step Limit Exceeded!
Step Limit Exceeded!
Step Limit Exceeded!
Step Limit Exceeded!
Step Limit Exceeded!
Step Limit Exceeded!
Step Limit Exceeded!
Step Limit Exceeded!
812
Step Limit Exceeded!
Step Limit Exceeded!
Step Limit Exceeded!
Step Limit Exceeded!
Step Limit Exceeded!
Step Limit Exceeded!
Step Limit Exceeded!
Step Limit Exceeded!
Step Limit Exceeded!
Step Limit Exceeded!
Step Limit Exceeded!
Step Limit Exceeded!
Step Limit Exceeded!
Step Limit Exceeded!
Step Limit Exceeded!
Step Limit Exceeded!
Step Limit Exceeded!
Step Limit Exceeded!
Step Limit Exceeded!
Step Limit Exceeded!
Step Limit Exceeded!
Step Limit Exceeded!
Step Limit Exceeded!
Step Limit Exceeded!
Step Limit Exceeded!
Step Limit Exceeded!
Step Limit Exceeded!
Step Limit Exceeded!
Step Limit Exceeded!
Step Limit Exceeded!
Step Limit Exceeded!
Step Limit Exceeded!
Step Limit Exceeded!
Step Limit Exceeded!
Step Limit Exceeded!
Step Limit Exceeded!
Step Limit Exceeded!
Step Limit Exceeded!
Step Limit Exceeded!
Step Limit Exceeded!
Step Limit Exceeded!
Step Limit Exceeded!
Step Limit Exceeded!
Step Limit Exceeded!
Step Limit Exceeded!
Step Limit Exceeded!
Step Limit Exceeded!
Step Limit Exceeded!
Step Limit Exceeded!
Step Limit Exceeded!
Step Limit Exceeded!
Step Limit Exceeded!
Step Limit Exceeded!
Step Limit Exceeded!
Step Limit Exceeded!
Step Limit Exceeded!
Step Limit Exceeded!
Step Limit Exceeded!
Step Limit Exceeded!
Step Limit Exceeded!
Step Limit Exceeded!
Step Limit Exceeded!
Step Limit Exceeded!
599
Step Limit Exceeded!
Step Limit Exceeded!
Step Limit Exceeded!
Step Limit Exceeded!
Step Limit Exceeded!
Step Limit Exceeded!
Step Limit Exceeded!
Step Limit Exceeded!
Step Limit Exceeded!
Step Limit Exceeded!
Step Limit Exceeded!
Step Limit Exceeded!
Step Limit Exceeded!
302
Step Limit Exceeded!
586
373
609
526
435
254
239
221
212
143
167
206
209
209
346
453
430
308
151
158
168
157
155
147
136
158
152
136
204
150
157
145
312
288
254
284
347
292
223
279
198
195
372
183
182
Step Limit Exceeded!
394
407
263
184
178
271
191
182
231
177
187
180
180
182
194
183
146
170
115
172
146
149
190
151
147
144
148
146
173
156
144
145
156
349
211
293
184
158
154
141
295
228
198
161
165
473
Step Limit Exceeded!
Step Limit Exceeded!
735
810
543
357
323
676
527
481
415
378
301
260
156
224
172
156
149
139
189
162
193
153
210
157
150
155
206
147
237
200
169
147
147
150
146
201
140
250
150
220
146
198
142
161
157
157
152
151
149
175
165
115
150
121
182
144
169
195
122
500
207
304
266
228
123
168
126
161
134
117
152
118
201
123
138
139
210
162
148
163
145
169
156
150
158
161
162
159
147
154
150
140
146
149
148
143
141
Step Limit Exceeded!
499
518
558
641
814
867
436
168
461
433
387
380
263
256
331
326
148
463
232
241
229
258
229
170
154
183
154
141
279
145
143
160
146
145
146
220
198
206
146
143
177
141
229
160
187
197
228
153
138
287
231
164
161
307
166
219
114
119
122
117
120
283
131
506
380
113
121
182
109
183
190
148
150
156
152
154
416
148
164
155
144
148
153
151
147
148
150
368
158
98
154
140
158
143
159
155
148
179
140
Step Limit Exceeded!
956
759
793
545
Step Limit Exceeded!
640
977
277
430
198
166
320
250
179
165
195
112
149
190
164
159
239
153
340
161
236
376
163
458
242
147
156
147
238
141
293
393
154
172
156
218
144
199
235
204
241
122
226
264
183
202
269
181
564
670
118
124
139
123
117
117
111
177
138
179
150
114
157
140
157
139
163
145
237
143
142
356
266
287
229
148
230
153
160
161
185
152
147
172
238
199
205
265
128
153
206
206
117
119
Step Limit Exceeded!
Step Limit Exceeded!
Step Limit Exceeded!
Step Limit Exceeded!
Step Limit Exceeded!
Step Limit Exceeded!
840
975
Step Limit Exceeded!
Step Limit Exceeded!
Step Limit Exceeded!
642
422
439
421
189
274
239
305
295
312
212
341
241
159
259
160
205
220
204
165
191
298
242
163
223
160
224
152
159
221
241
236
149
151
147
153
225
231
224
137
231
172
191
194
205
190
192
220
199
171
163
168
128
158
150
200
148
150
238
278
240
306
193
149
142
152
196
164
161
248
154
167
118
156
120
173
208
161
171
156
115
245
152
170
134
151
177
153
148
Matplotlib created a temporary config/cache directory at /tmp/matplotlib-gwf1xvk5 because the default path (/home/s/sutton/njqgame/.config/matplotlib) is not a writable directory; it is highly recommended to set the MPLCONFIGDIR environment variable to a writable directory, in particular to speed up the import of Matplotlib and to better support multiprocessing.
MountainCar-v0
Step Limit Exceeded!
663
Step Limit Exceeded!
Step Limit Exceeded!
Step Limit Exceeded!
Step Limit Exceeded!
Step Limit Exceeded!
Step Limit Exceeded!
Step Limit Exceeded!
Step Limit Exceeded!
Step Limit Exceeded!
209
Step Limit Exceeded!
Step Limit Exceeded!
Step Limit Exceeded!
Step Limit Exceeded!
973
469
587
216
255
174
398
281
379
216
208
468
184
247
184
183
192
295
385
439
735
611
Step Limit Exceeded!
Step Limit Exceeded!
Step Limit Exceeded!
Step Limit Exceeded!
Step Limit Exceeded!
Step Limit Exceeded!
591
159
154
209
282
197
188
204
127
183
120
188
195
276
194
201
191
192
186
185
147
291
190
207
187
190
191
196
190
178
191
146
183
160
143
121
145
145
136
201
152
142
142
145
142
150
209
194
139
144
146
138
179
197
188
142
Step Limit Exceeded!
Step Limit Exceeded!
Step Limit Exceeded!
Step Limit Exceeded!
Step Limit Exceeded!
Step Limit Exceeded!
Step Limit Exceeded!
Step Limit Exceeded!
Step Limit Exceeded!
Step Limit Exceeded!
Step Limit Exceeded!
776
Step Limit Exceeded!
662
Step Limit Exceeded!
Step Limit Exceeded!
Step Limit Exceeded!
Step Limit Exceeded!
Step Limit Exceeded!
Step Limit Exceeded!
Step Limit Exceeded!
507
190
178
368
175
375
444
488
Step Limit Exceeded!
Step Limit Exceeded!
Step Limit Exceeded!
Step Limit Exceeded!
Step Limit Exceeded!
174
365
408
329
334
830
371
222
488
Step Limit Exceeded!
Step Limit Exceeded!
Step Limit Exceeded!
Step Limit Exceeded!
Step Limit Exceeded!
Step Limit Exceeded!
Step Limit Exceeded!
Step Limit Exceeded!
850
382
431
270
332
343
264
431
215
269
180
243
164
162
195
184
215
199
219
Step Limit Exceeded!
766
195
197
200
196
231
173
197
249
167
172
168
172
261
163
255
165
157
155
178
186
150
178
156
170
148
186
144
151
135
Step Limit Exceeded!
676
318
Step Limit Exceeded!
694
983
Step Limit Exceeded!
Step Limit Exceeded!
Step Limit Exceeded!
783
212
Step Limit Exceeded!
Step Limit Exceeded!
Step Limit Exceeded!
848
276
231
388
258
199
322
303
310
372
334
313
369
228
242
259
280
237
240
287
680
179
219
300
274
246
271
226
238
258
247
234
243
232
258
267
348
271
264
327
253
315
252
317
241
289
231
188
190
255
235
195
239
245
223
251
221
240
178
254
211
155
159
226
165
355
235
166
246
186
231
292
222
184
232
225
216
156
147
219
212
180
164
162
221
Step Limit Exceeded!
Step Limit Exceeded!
719
293
380
415
Step Limit Exceeded!
Step Limit Exceeded!
Step Limit Exceeded!
Step Limit Exceeded!
Step Limit Exceeded!
Step Limit Exceeded!
Step Limit Exceeded!
Step Limit Exceeded!
268
164
376
349
339
554
660
Step Limit Exceeded!
Step Limit Exceeded!
Step Limit Exceeded!
Step Limit Exceeded!
706
229
244
145
132
180
136
156
314
186
173
283
210
201
603
184
482
185
258
177
300
181
228
218
177
406
177
221
211
230
233
169
250
254
174
171
248
238
351
264
263
230
242
252
265
255
233
232
259
274
288
278
232
301
271
316
328
299
338
208
292
194
196
185
290
340
301
313
299
407
429
246
181
218
352
701
Step Limit Exceeded!
Step Limit Exceeded!
Step Limit Exceeded!
Step Limit Exceeded!
Step Limit Exceeded!
Step Limit Exceeded!
Step Limit Exceeded!
Step Limit Exceeded!
Step Limit Exceeded!
Step Limit Exceeded!
287
453
943
497
265
305
375
490
Step Limit Exceeded!
456
Step Limit Exceeded!
Step Limit Exceeded!
Step Limit Exceeded!
Step Limit Exceeded!
Step Limit Exceeded!
Step Limit Exceeded!
Step Limit Exceeded!
Step Limit Exceeded!
Step Limit Exceeded!
Step Limit Exceeded!
Step Limit Exceeded!
Step Limit Exceeded!
Step Limit Exceeded!
Step Limit Exceeded!
Step Limit Exceeded!
Step Limit Exceeded!
988
186
167
198
261
186
187
130
176
129
259
248
214
309
245
223
546
382
276
281
243
247
178
173
158
183
383
309
393
272
307
485
411
316
957
732
279
233
308
703
265
206
258
496
335
267
Step Limit Exceeded!
Step Limit Exceeded!
506
Step Limit Exceeded!
Step Limit Exceeded!
Step Limit Exceeded!
159
217
Step Limit Exceeded!
Step Limit Exceeded!
Step Limit Exceeded!
Step Limit Exceeded!
Step Limit Exceeded!
Step Limit Exceeded!
Step Limit Exceeded!
Step Limit Exceeded!
300
Step Limit Exceeded!
Step Limit Exceeded!
480
Step Limit Exceeded!
Step Limit Exceeded!
527
Step Limit Exceeded!
Step Limit Exceeded!
Step Limit Exceeded!
Step Limit Exceeded!
Step Limit Exceeded!
Step Limit Exceeded!
Step Limit Exceeded!
690
174
374
934
Step Limit Exceeded!
Step Limit Exceeded!
Step Limit Exceeded!
Step Limit Exceeded!
Step Limit Exceeded!
Step Limit Exceeded!
Step Limit Exceeded!
Step Limit Exceeded!
Step Limit Exceeded!
424
254
190
549
328
236
298
251
184
176
185
189
143
194
139
144
162
306
184
321
184
308
415
275
512
292
Step Limit Exceeded!
718
225
228
291
220
273
Step Limit Exceeded!
Step Limit Exceeded!
164
247
203
222
210
399
Step Limit Exceeded!
584
240
Step Limit Exceeded!
691
239
187
164
227
176
191
219
328
303
229
181
166
198
219
159
154
191
157
183
197
242
249
151
187
183
255
193
167
Step Limit Exceeded!
Step Limit Exceeded!
Step Limit Exceeded!
679
199
379
674
Step Limit Exceeded!
Step Limit Exceeded!
Step Limit Exceeded!
Step Limit Exceeded!
Step Limit Exceeded!
721
172
199
485
362
391
258
310
394
222
185
294
263
634
Step Limit Exceeded!
Step Limit Exceeded!
Step Limit Exceeded!
Step Limit Exceeded!
Step Limit Exceeded!
663
690
179
202
264
286
206
210
172
161
171
170
243
206
394
249
505
422
177
185
174
167
239
258
328
313
167
350
206
289
182
244
321
245
231
265
354
185
288
262
230
232
232
239
298
336
167
224
240
356
304
225
506
230
224
317
230
228
238
403
563
348
467
284
258
249
217
159
245
944
Step Limit Exceeded!
432
Step Limit Exceeded!
Step Limit Exceeded!
Step Limit Exceeded!
Step Limit Exceeded!
Step Limit Exceeded!
Step Limit Exceeded!
Step Limit Exceeded!
Step Limit Exceeded!
708
Step Limit Exceeded!
Step Limit Exceeded!
Step Limit Exceeded!
Step Limit Exceeded!
Step Limit Exceeded!
Step Limit Exceeded!
Step Limit Exceeded!
Step Limit Exceeded!
464
324
Step Limit Exceeded!
695
678
Step Limit Exceeded!
Step Limit Exceeded!
Step Limit Exceeded!
Step Limit Exceeded!
Step Limit Exceeded!
Step Limit Exceeded!
Step Limit Exceeded!
Step Limit Exceeded!
610
299
255
226
216
294
208
582
126
180
209
363
272
560
194
Step Limit Exceeded!
Step Limit Exceeded!
Step Limit Exceeded!
Step Limit Exceeded!
Step Limit Exceeded!
Step Limit Exceeded!
Step Limit Exceeded!
Step Limit Exceeded!
Step Limit Exceeded!
Step Limit Exceeded!
Step Limit Exceeded!
Step Limit Exceeded!
Step Limit Exceeded!
294
200
284
692
450
470
496
Step Limit Exceeded!
Step Limit Exceeded!
Step Limit Exceeded!
Step Limit Exceeded!
Step Limit Exceeded!
Step Limit Exceeded!
Step Limit Exceeded!
Step Limit Exceeded!
Step Limit Exceeded!
Step Limit Exceeded!
Step Limit Exceeded!
Step Limit Exceeded!
Step Limit Exceeded!
Step Limit Exceeded!
Step Limit Exceeded!
Step Limit Exceeded!
607
276
217
197
184
231
177
201
194
194
200
203
224
202
268
257
Step Limit Exceeded!
Step Limit Exceeded!
Step Limit Exceeded!
578
Step Limit Exceeded!
Step Limit Exceeded!
Step Limit Exceeded!
Step Limit Exceeded!
Step Limit Exceeded!
Step Limit Exceeded!
782
189
438
856
Step Limit Exceeded!
Step Limit Exceeded!
Step Limit Exceeded!
Step Limit Exceeded!
Step Limit Exceeded!
Step Limit Exceeded!
Step Limit Exceeded!
Step Limit Exceeded!
921
176
259
463
526
434
570
Step Limit Exceeded!
Step Limit Exceeded!
Step Limit Exceeded!
Step Limit Exceeded!
Step Limit Exceeded!
Step Limit Exceeded!
Step Limit Exceeded!
Step Limit Exceeded!
Step Limit Exceeded!
Step Limit Exceeded!
Step Limit Exceeded!
Step Limit Exceeded!
Step Limit Exceeded!
Step Limit Exceeded!
Step Limit Exceeded!
Step Limit Exceeded!
Step Limit Exceeded!
Step Limit Exceeded!
Step Limit Exceeded!
461
Step Limit Exceeded!
Step Limit Exceeded!
Step Limit Exceeded!
Step Limit Exceeded!
Step Limit Exceeded!
Step Limit Exceeded!
Step Limit Exceeded!
Step Limit Exceeded!
Step Limit Exceeded!
Step Limit Exceeded!
Step Limit Exceeded!
Step Limit Exceeded!
Step Limit Exceeded!
Step Limit Exceeded!
Step Limit Exceeded!
Step Limit Exceeded!
Step Limit Exceeded!
Step Limit Exceeded!
Step Limit Exceeded!
Step Limit Exceeded!
381
406
Step Limit Exceeded!
Step Limit Exceeded!
Step Limit Exceeded!
Step Limit Exceeded!
Step Limit Exceeded!
Step Limit Exceeded!
Step Limit Exceeded!
Step Limit Exceeded!
Step Limit Exceeded!
Step Limit Exceeded!
Step Limit Exceeded!
Step Limit Exceeded!
Step Limit Exceeded!
Step Limit Exceeded!
263
238
219
289
314
391
210
273
166
590
531
Step Limit Exceeded!
713
Step Limit Exceeded!
Step Limit Exceeded!
Step Limit Exceeded!
Step Limit Exceeded!
Step Limit Exceeded!
185
203
442
439
Step Limit Exceeded!
178
769
331
704
Step Limit Exceeded!
Step Limit Exceeded!
Step Limit Exceeded!
Step Limit Exceeded!
Step Limit Exceeded!
Step Limit Exceeded!
Step Limit Exceeded!
Step Limit Exceeded!
Step Limit Exceeded!
Step Limit Exceeded!
Step Limit Exceeded!
747
845
295
430
463
634
370
305
330
385
531
639
606
512
287
293
532
Step Limit Exceeded!
Step Limit Exceeded!
227
334
498
449
432
410
420
388
317
228
525
Step Limit Exceeded!
167
335
238
535
173
168
199
169
213
187
209
262
245
234
197
348
282
178
141
201
208
207
211
231
242
157
171
179
292
205
238
163
248
201
203
292
174
410
208
231
252
250
226
171
175
172
Matplotlib created a temporary config/cache directory at /tmp/matplotlib-176hw11u because the default path (/home/s/sutton/njqgame/.config/matplotlib) is not a writable directory; it is highly recommended to set the MPLCONFIGDIR environment variable to a writable directory, in particular to speed up the import of Matplotlib and to better support multiprocessing.
MountainCar-v0
Step Limit Exceeded!
Step Limit Exceeded!
Step Limit Exceeded!
Step Limit Exceeded!
Step Limit Exceeded!
Step Limit Exceeded!
Step Limit Exceeded!
Step Limit Exceeded!
Step Limit Exceeded!
Step Limit Exceeded!
Step Limit Exceeded!
Step Limit Exceeded!
828
Step Limit Exceeded!
Step Limit Exceeded!
Step Limit Exceeded!
Step Limit Exceeded!
Step Limit Exceeded!
Step Limit Exceeded!
Step Limit Exceeded!
Step Limit Exceeded!
Step Limit Exceeded!
Step Limit Exceeded!
Step Limit Exceeded!
Step Limit Exceeded!
Step Limit Exceeded!
Step Limit Exceeded!
Step Limit Exceeded!
Step Limit Exceeded!
867
Step Limit Exceeded!
Step Limit Exceeded!
Step Limit Exceeded!
Step Limit Exceeded!
Step Limit Exceeded!
Step Limit Exceeded!
Step Limit Exceeded!
Step Limit Exceeded!
Step Limit Exceeded!
Step Limit Exceeded!
Step Limit Exceeded!
Step Limit Exceeded!
Step Limit Exceeded!
Step Limit Exceeded!
Step Limit Exceeded!
Step Limit Exceeded!
Step Limit Exceeded!
Step Limit Exceeded!
Step Limit Exceeded!
Step Limit Exceeded!
Step Limit Exceeded!
Step Limit Exceeded!
Step Limit Exceeded!
Step Limit Exceeded!
Step Limit Exceeded!
Step Limit Exceeded!
Step Limit Exceeded!
Step Limit Exceeded!
Step Limit Exceeded!
Step Limit Exceeded!
Step Limit Exceeded!
Step Limit Exceeded!
Step Limit Exceeded!
Step Limit Exceeded!
Step Limit Exceeded!
Step Limit Exceeded!
Step Limit Exceeded!
Step Limit Exceeded!
Step Limit Exceeded!
Step Limit Exceeded!
Step Limit Exceeded!
Step Limit Exceeded!
Step Limit Exceeded!
Step Limit Exceeded!
Step Limit Exceeded!
Step Limit Exceeded!
Step Limit Exceeded!
Step Limit Exceeded!
Step Limit Exceeded!
Step Limit Exceeded!
Step Limit Exceeded!
Step Limit Exceeded!
Step Limit Exceeded!
Step Limit Exceeded!
Step Limit Exceeded!
Step Limit Exceeded!
Step Limit Exceeded!
799
Step Limit Exceeded!
971
369
605
907
945
806
643
Step Limit Exceeded!
Step Limit Exceeded!
762
Step Limit Exceeded!
Step Limit Exceeded!
Step Limit Exceeded!
Step Limit Exceeded!
Step Limit Exceeded!
Step Limit Exceeded!
Step Limit Exceeded!
Step Limit Exceeded!
Step Limit Exceeded!
Step Limit Exceeded!
Step Limit Exceeded!
Step Limit Exceeded!
Step Limit Exceeded!
Step Limit Exceeded!
Step Limit Exceeded!
Step Limit Exceeded!
Step Limit Exceeded!
Step Limit Exceeded!
Step Limit Exceeded!
Step Limit Exceeded!
Step Limit Exceeded!
Step Limit Exceeded!
Step Limit Exceeded!
Step Limit Exceeded!
Step Limit Exceeded!
Step Limit Exceeded!
Step Limit Exceeded!
Step Limit Exceeded!
Step Limit Exceeded!
Step Limit Exceeded!
Step Limit Exceeded!
Step Limit Exceeded!
Step Limit Exceeded!
Step Limit Exceeded!
Step Limit Exceeded!
Step Limit Exceeded!
Step Limit Exceeded!
Step Limit Exceeded!
Step Limit Exceeded!
Step Limit Exceeded!
Step Limit Exceeded!
Step Limit Exceeded!
Step Limit Exceeded!
Step Limit Exceeded!
Step Limit Exceeded!
Step Limit Exceeded!
Step Limit Exceeded!
Step Limit Exceeded!
Step Limit Exceeded!
Step Limit Exceeded!
Step Limit Exceeded!
Step Limit Exceeded!
Step Limit Exceeded!
Step Limit Exceeded!
Step Limit Exceeded!
Step Limit Exceeded!
Step Limit Exceeded!
Step Limit Exceeded!
Step Limit Exceeded!
Step Limit Exceeded!
Step Limit Exceeded!
Step Limit Exceeded!
Step Limit Exceeded!
Step Limit Exceeded!
Step Limit Exceeded!
Step Limit Exceeded!
Step Limit Exceeded!
Step Limit Exceeded!
Step Limit Exceeded!
Step Limit Exceeded!
Step Limit Exceeded!
Step Limit Exceeded!
Step Limit Exceeded!
Step Limit Exceeded!
Step Limit Exceeded!
Step Limit Exceeded!
Step Limit Exceeded!
Step Limit Exceeded!
Step Limit Exceeded!
Step Limit Exceeded!
Step Limit Exceeded!
Step Limit Exceeded!
Step Limit Exceeded!
Step Limit Exceeded!
Step Limit Exceeded!
Step Limit Exceeded!
Step Limit Exceeded!
Step Limit Exceeded!
Step Limit Exceeded!
Step Limit Exceeded!
Step Limit Exceeded!
Step Limit Exceeded!
Step Limit Exceeded!
Step Limit Exceeded!
728
Step Limit Exceeded!
344
453
558
517
Step Limit Exceeded!
Step Limit Exceeded!
Step Limit Exceeded!
Step Limit Exceeded!
Step Limit Exceeded!
Step Limit Exceeded!
Step Limit Exceeded!
Step Limit Exceeded!
Step Limit Exceeded!
Step Limit Exceeded!
Step Limit Exceeded!
Step Limit Exceeded!
Step Limit Exceeded!
Step Limit Exceeded!
Step Limit Exceeded!
Step Limit Exceeded!
Step Limit Exceeded!
Step Limit Exceeded!
Step Limit Exceeded!
Step Limit Exceeded!
Step Limit Exceeded!
Step Limit Exceeded!
Step Limit Exceeded!
Step Limit Exceeded!
Step Limit Exceeded!
Step Limit Exceeded!
Step Limit Exceeded!
Step Limit Exceeded!
Step Limit Exceeded!
Step Limit Exceeded!
Step Limit Exceeded!
Step Limit Exceeded!
Step Limit Exceeded!
Step Limit Exceeded!
Step Limit Exceeded!
Step Limit Exceeded!
Step Limit Exceeded!
Step Limit Exceeded!
Step Limit Exceeded!
Step Limit Exceeded!
Step Limit Exceeded!
Step Limit Exceeded!
Step Limit Exceeded!
Step Limit Exceeded!
Step Limit Exceeded!
Step Limit Exceeded!
Step Limit Exceeded!
Step Limit Exceeded!
Step Limit Exceeded!
Step Limit Exceeded!
Step Limit Exceeded!
Step Limit Exceeded!
Step Limit Exceeded!
Step Limit Exceeded!
Step Limit Exceeded!
Step Limit Exceeded!
Step Limit Exceeded!
Step Limit Exceeded!
Step Limit Exceeded!
Step Limit Exceeded!
Step Limit Exceeded!
Step Limit Exceeded!
Step Limit Exceeded!
Step Limit Exceeded!
Step Limit Exceeded!
Step Limit Exceeded!
Step Limit Exceeded!
Step Limit Exceeded!
Step Limit Exceeded!
Step Limit Exceeded!
Step Limit Exceeded!
Step Limit Exceeded!
Step Limit Exceeded!
Step Limit Exceeded!
Step Limit Exceeded!
Step Limit Exceeded!
Step Limit Exceeded!
Step Limit Exceeded!
Step Limit Exceeded!
Step Limit Exceeded!
Step Limit Exceeded!
Step Limit Exceeded!
Step Limit Exceeded!
Step Limit Exceeded!
Step Limit Exceeded!
Step Limit Exceeded!
Step Limit Exceeded!
Step Limit Exceeded!
Step Limit Exceeded!
Step Limit Exceeded!
Step Limit Exceeded!
Step Limit Exceeded!
Step Limit Exceeded!
Step Limit Exceeded!
Step Limit Exceeded!
Step Limit Exceeded!
Step Limit Exceeded!
Step Limit Exceeded!
Step Limit Exceeded!
Step Limit Exceeded!
Step Limit Exceeded!
Step Limit Exceeded!
Step Limit Exceeded!
Step Limit Exceeded!
Step Limit Exceeded!
Step Limit Exceeded!
Step Limit Exceeded!
Step Limit Exceeded!
Step Limit Exceeded!
Step Limit Exceeded!
Step Limit Exceeded!
Step Limit Exceeded!
Step Limit Exceeded!
Step Limit Exceeded!
Step Limit Exceeded!
Step Limit Exceeded!
Step Limit Exceeded!
Step Limit Exceeded!
Step Limit Exceeded!
Step Limit Exceeded!
Step Limit Exceeded!
705
888
Step Limit Exceeded!
Step Limit Exceeded!
Step Limit Exceeded!
Step Limit Exceeded!
305
645
495
Step Limit Exceeded!
Step Limit Exceeded!
Step Limit Exceeded!
Step Limit Exceeded!
Step Limit Exceeded!
Step Limit Exceeded!
227
Step Limit Exceeded!
872
470
287
179
181
186
168
140
154
157
157
182
329
238
180
198
376
Step Limit Exceeded!
Step Limit Exceeded!
Step Limit Exceeded!
Step Limit Exceeded!
Step Limit Exceeded!
804
374
345
285
Step Limit Exceeded!
Step Limit Exceeded!
Step Limit Exceeded!
272
269
226
377
167
169
257
336
160
350
Step Limit Exceeded!
524
Step Limit Exceeded!
960
471
736
778
891
217
395
291
Step Limit Exceeded!
Step Limit Exceeded!
172
318
158
221
147
263
295
223
Step Limit Exceeded!
Step Limit Exceeded!
Step Limit Exceeded!
Step Limit Exceeded!
Step Limit Exceeded!
Step Limit Exceeded!
919
Step Limit Exceeded!
Step Limit Exceeded!
Step Limit Exceeded!
Step Limit Exceeded!
Step Limit Exceeded!
Step Limit Exceeded!
Step Limit Exceeded!
Step Limit Exceeded!
768
528
Step Limit Exceeded!
705
784
566
651
476
257
385
514
358
736
631
Step Limit Exceeded!
752
454
703
640
404
462
304
150
298
331
234
270
251
391
325
184
260
199
168
395
164
168
633
171
Step Limit Exceeded!
849
303
578
Step Limit Exceeded!
Step Limit Exceeded!
Step Limit Exceeded!
Step Limit Exceeded!
Step Limit Exceeded!
Step Limit Exceeded!
Step Limit Exceeded!
Step Limit Exceeded!
Step Limit Exceeded!
Step Limit Exceeded!
Step Limit Exceeded!
Step Limit Exceeded!
Step Limit Exceeded!
Step Limit Exceeded!
Step Limit Exceeded!
636
Step Limit Exceeded!
934
Step Limit Exceeded!
621
324
Step Limit Exceeded!
Step Limit Exceeded!
Step Limit Exceeded!
Step Limit Exceeded!
Step Limit Exceeded!
Step Limit Exceeded!
Step Limit Exceeded!
Step Limit Exceeded!
944
Step Limit Exceeded!
Step Limit Exceeded!
Step Limit Exceeded!
Step Limit Exceeded!
Step Limit Exceeded!
Step Limit Exceeded!
Step Limit Exceeded!
Step Limit Exceeded!
591
292
Step Limit Exceeded!
Step Limit Exceeded!
Step Limit Exceeded!
739
Step Limit Exceeded!
Step Limit Exceeded!
Step Limit Exceeded!
Step Limit Exceeded!
Step Limit Exceeded!
Step Limit Exceeded!
Step Limit Exceeded!
Step Limit Exceeded!
Step Limit Exceeded!
858
Step Limit Exceeded!
Step Limit Exceeded!
435
Step Limit Exceeded!
745
977
586
512
620
639
424
614
733
714
844
989
669
340
325
402
386
700
329
240
225
256
218
376
265
289
321
295
357
239
158
157
189
181
244
282
198
332
179
112
264
252
314
214
196
263
207
351
842
174
243
151
152
212
Step Limit Exceeded!
Step Limit Exceeded!
749
245
634
660
720
196
298
136
325
206
203
234
124
176
166
Step Limit Exceeded!
Step Limit Exceeded!
768
153
Step Limit Exceeded!
Step Limit Exceeded!
Step Limit Exceeded!
Step Limit Exceeded!
Step Limit Exceeded!
Step Limit Exceeded!
Step Limit Exceeded!
Step Limit Exceeded!
Step Limit Exceeded!
Step Limit Exceeded!
Step Limit Exceeded!
Step Limit Exceeded!
Step Limit Exceeded!
Step Limit Exceeded!
Step Limit Exceeded!
Step Limit Exceeded!
Step Limit Exceeded!
Step Limit Exceeded!
Step Limit Exceeded!
Step Limit Exceeded!
Step Limit Exceeded!
Step Limit Exceeded!
Step Limit Exceeded!
Step Limit Exceeded!
Step Limit Exceeded!
Step Limit Exceeded!
Step Limit Exceeded!
Step Limit Exceeded!
Step Limit Exceeded!
Step Limit Exceeded!
Step Limit Exceeded!
Step Limit Exceeded!
Step Limit Exceeded!
Step Limit Exceeded!
Step Limit Exceeded!
Step Limit Exceeded!
Step Limit Exceeded!
Step Limit Exceeded!
Step Limit Exceeded!
Step Limit Exceeded!
Step Limit Exceeded!
Step Limit Exceeded!
Step Limit Exceeded!
Step Limit Exceeded!
Step Limit Exceeded!
Step Limit Exceeded!
Step Limit Exceeded!
Step Limit Exceeded!
Step Limit Exceeded!
Step Limit Exceeded!
Step Limit Exceeded!
Step Limit Exceeded!
Step Limit Exceeded!
Step Limit Exceeded!
Step Limit Exceeded!
Step Limit Exceeded!
Step Limit Exceeded!
Step Limit Exceeded!
Step Limit Exceeded!
Step Limit Exceeded!
Step Limit Exceeded!
Step Limit Exceeded!
Step Limit Exceeded!
Step Limit Exceeded!
Step Limit Exceeded!
Step Limit Exceeded!
Step Limit Exceeded!
Step Limit Exceeded!
Step Limit Exceeded!
Step Limit Exceeded!
Step Limit Exceeded!
Step Limit Exceeded!
Step Limit Exceeded!
Step Limit Exceeded!
Step Limit Exceeded!
Step Limit Exceeded!
Step Limit Exceeded!
Step Limit Exceeded!
Step Limit Exceeded!
Step Limit Exceeded!
Step Limit Exceeded!
Step Limit Exceeded!
Step Limit Exceeded!
Step Limit Exceeded!
Step Limit Exceeded!
Step Limit Exceeded!
Step Limit Exceeded!
Step Limit Exceeded!
Step Limit Exceeded!
Step Limit Exceeded!
Step Limit Exceeded!
Step Limit Exceeded!
Step Limit Exceeded!
Step Limit Exceeded!
Step Limit Exceeded!
Step Limit Exceeded!
Step Limit Exceeded!
Step Limit Exceeded!
Step Limit Exceeded!
Step Limit Exceeded!
Step Limit Exceeded!
Step Limit Exceeded!
Step Limit Exceeded!
Step Limit Exceeded!
Step Limit Exceeded!
Step Limit Exceeded!
Step Limit Exceeded!
Step Limit Exceeded!
Step Limit Exceeded!
Step Limit Exceeded!
Step Limit Exceeded!
Step Limit Exceeded!
Step Limit Exceeded!
Step Limit Exceeded!
Step Limit Exceeded!
Step Limit Exceeded!
Step Limit Exceeded!
Step Limit Exceeded!
Step Limit Exceeded!
Step Limit Exceeded!
Step Limit Exceeded!
Step Limit Exceeded!
Step Limit Exceeded!
Step Limit Exceeded!
Step Limit Exceeded!
1000
Step Limit Exceeded!
Step Limit Exceeded!
850
752
214
502
646
162
280
202
227
225
175
255
160
165
172
153
167
186
146
194
175
184
159
272
172
162
146
168
153
142
143
201
215
220
215
Step Limit Exceeded!
Step Limit Exceeded!
518
404
200
186
189
228
122
154
278
226
423
297
599
212
503
358
185
326
165
158
247
154
151
143
233
146
144
143
267
247
Step Limit Exceeded!
619
Step Limit Exceeded!
Step Limit Exceeded!
Step Limit Exceeded!
Step Limit Exceeded!
174
184
203
264
Step Limit Exceeded!
Step Limit Exceeded!
Step Limit Exceeded!
Step Limit Exceeded!
Step Limit Exceeded!
Step Limit Exceeded!
Step Limit Exceeded!
Step Limit Exceeded!
Step Limit Exceeded!
Step Limit Exceeded!
Step Limit Exceeded!
Step Limit Exceeded!
Step Limit Exceeded!
Step Limit Exceeded!
Step Limit Exceeded!
Step Limit Exceeded!
Step Limit Exceeded!
Step Limit Exceeded!
Step Limit Exceeded!
Step Limit Exceeded!
Step Limit Exceeded!
Step Limit Exceeded!
Step Limit Exceeded!
Step Limit Exceeded!
Step Limit Exceeded!
Step Limit Exceeded!
Step Limit Exceeded!
Step Limit Exceeded!
Step Limit Exceeded!
Step Limit Exceeded!
Step Limit Exceeded!
Step Limit Exceeded!
Step Limit Exceeded!
Step Limit Exceeded!
Step Limit Exceeded!
Step Limit Exceeded!
Step Limit Exceeded!
Step Limit Exceeded!
Step Limit Exceeded!
Step Limit Exceeded!
Step Limit Exceeded!
Step Limit Exceeded!
Step Limit Exceeded!
Step Limit Exceeded!
Step Limit Exceeded!
Step Limit Exceeded!
Step Limit Exceeded!
Step Limit Exceeded!
Step Limit Exceeded!
Step Limit Exceeded!
Step Limit Exceeded!
Step Limit Exceeded!
Step Limit Exceeded!
Step Limit Exceeded!
Step Limit Exceeded!
Step Limit Exceeded!
Step Limit Exceeded!
Step Limit Exceeded!
Step Limit Exceeded!
Step Limit Exceeded!
Step Limit Exceeded!
Step Limit Exceeded!
Step Limit Exceeded!
Step Limit Exceeded!
Step Limit Exceeded!
Step Limit Exceeded!
Step Limit Exceeded!
Step Limit Exceeded!
Step Limit Exceeded!
Step Limit Exceeded!
Step Limit Exceeded!
Step Limit Exceeded!
Step Limit Exceeded!
Step Limit Exceeded!
Step Limit Exceeded!
Step Limit Exceeded!
Step Limit Exceeded!
Step Limit Exceeded!
Step Limit Exceeded!
Step Limit Exceeded!
Step Limit Exceeded!
Step Limit Exceeded!
Step Limit Exceeded!
Step Limit Exceeded!
Step Limit Exceeded!
Step Limit Exceeded!
Step Limit Exceeded!
Step Limit Exceeded!
Step Limit Exceeded!
Step Limit Exceeded!
Step Limit Exceeded!
Step Limit Exceeded!
Step Limit Exceeded!
Step Limit Exceeded!
Step Limit Exceeded!
Step Limit Exceeded!
Step Limit Exceeded!
Step Limit Exceeded!
Step Limit Exceeded!
Step Limit Exceeded!
Step Limit Exceeded!
Step Limit Exceeded!
Step Limit Exceeded!
Step Limit Exceeded!
Step Limit Exceeded!
Step Limit Exceeded!
Step Limit Exceeded!
Step Limit Exceeded!
Step Limit Exceeded!
Step Limit Exceeded!
Step Limit Exceeded!
Step Limit Exceeded!
Step Limit Exceeded!
Step Limit Exceeded!
Step Limit Exceeded!
Step Limit Exceeded!
Step Limit Exceeded!
Step Limit Exceeded!
Step Limit Exceeded!
Step Limit Exceeded!
Step Limit Exceeded!
Step Limit Exceeded!
Step Limit Exceeded!
Step Limit Exceeded!
Step Limit Exceeded!
Step Limit Exceeded!
Step Limit Exceeded!
Step Limit Exceeded!
Step Limit Exceeded!
Step Limit Exceeded!
Step Limit Exceeded!
Step Limit Exceeded!
Step Limit Exceeded!
Step Limit Exceeded!
Step Limit Exceeded!
Step Limit Exceeded!
Step Limit Exceeded!
Step Limit Exceeded!
Step Limit Exceeded!
Step Limit Exceeded!
Step Limit Exceeded!
Step Limit Exceeded!
Step Limit Exceeded!
Step Limit Exceeded!
Step Limit Exceeded!
Step Limit Exceeded!
Step Limit Exceeded!
Step Limit Exceeded!
Step Limit Exceeded!
Step Limit Exceeded!
Step Limit Exceeded!
Step Limit Exceeded!
Step Limit Exceeded!
Step Limit Exceeded!
Step Limit Exceeded!
Step Limit Exceeded!
Step Limit Exceeded!
Step Limit Exceeded!
Step Limit Exceeded!
Step Limit Exceeded!
Step Limit Exceeded!
Step Limit Exceeded!
Step Limit Exceeded!
Step Limit Exceeded!
Step Limit Exceeded!
Step Limit Exceeded!
Step Limit Exceeded!
Step Limit Exceeded!
Step Limit Exceeded!
Step Limit Exceeded!
Step Limit Exceeded!
Step Limit Exceeded!
Step Limit Exceeded!
Step Limit Exceeded!
Step Limit Exceeded!
Step Limit Exceeded!
Step Limit Exceeded!
Step Limit Exceeded!
Step Limit Exceeded!
Step Limit Exceeded!
Step Limit Exceeded!
Step Limit Exceeded!
Step Limit Exceeded!
Step Limit Exceeded!
Step Limit Exceeded!
Step Limit Exceeded!
Step Limit Exceeded!
Step Limit Exceeded!
Step Limit Exceeded!
Step Limit Exceeded!
Step Limit Exceeded!
Step Limit Exceeded!
Step Limit Exceeded!
Step Limit Exceeded!
Step Limit Exceeded!
Step Limit Exceeded!
Step Limit Exceeded!
Step Limit Exceeded!
Step Limit Exceeded!
Step Limit Exceeded!
Step Limit Exceeded!
Step Limit Exceeded!
Step Limit Exceeded!
Step Limit Exceeded!
Step Limit Exceeded!
Step Limit Exceeded!
Step Limit Exceeded!
Matplotlib created a temporary config/cache directory at /tmp/matplotlib-gytil8_n because the default path (/home/s/sutton/njqgame/.config/matplotlib) is not a writable directory; it is highly recommended to set the MPLCONFIGDIR environment variable to a writable directory, in particular to speed up the import of Matplotlib and to better support multiprocessing.
MountainCar-v0
Step Limit Exceeded!
Step Limit Exceeded!
Step Limit Exceeded!
Step Limit Exceeded!
Step Limit Exceeded!
Step Limit Exceeded!
Step Limit Exceeded!
Step Limit Exceeded!
Step Limit Exceeded!
Step Limit Exceeded!
Step Limit Exceeded!
Step Limit Exceeded!
Step Limit Exceeded!
Step Limit Exceeded!
Step Limit Exceeded!
Step Limit Exceeded!
Step Limit Exceeded!
Step Limit Exceeded!
Step Limit Exceeded!
Step Limit Exceeded!
Step Limit Exceeded!
Step Limit Exceeded!
Step Limit Exceeded!
Step Limit Exceeded!
Step Limit Exceeded!
794
861
Step Limit Exceeded!
Step Limit Exceeded!
Step Limit Exceeded!
Step Limit Exceeded!
683
Step Limit Exceeded!
Step Limit Exceeded!
493
801
Step Limit Exceeded!
Step Limit Exceeded!
Step Limit Exceeded!
Step Limit Exceeded!
Step Limit Exceeded!
873
777
605
703
Step Limit Exceeded!
Step Limit Exceeded!
Step Limit Exceeded!
Step Limit Exceeded!
Step Limit Exceeded!
Step Limit Exceeded!
Step Limit Exceeded!
Step Limit Exceeded!
Step Limit Exceeded!
Step Limit Exceeded!
Step Limit Exceeded!
Step Limit Exceeded!
Step Limit Exceeded!
Step Limit Exceeded!
Step Limit Exceeded!
Step Limit Exceeded!
Step Limit Exceeded!
Step Limit Exceeded!
Step Limit Exceeded!
Step Limit Exceeded!
Step Limit Exceeded!
Step Limit Exceeded!
Step Limit Exceeded!
Step Limit Exceeded!
Step Limit Exceeded!
Step Limit Exceeded!
Step Limit Exceeded!
Step Limit Exceeded!
Step Limit Exceeded!
Step Limit Exceeded!
Step Limit Exceeded!
Step Limit Exceeded!
Step Limit Exceeded!
Step Limit Exceeded!
Step Limit Exceeded!
Step Limit Exceeded!
Step Limit Exceeded!
Step Limit Exceeded!
Step Limit Exceeded!
Step Limit Exceeded!
Step Limit Exceeded!
Step Limit Exceeded!
Step Limit Exceeded!
Step Limit Exceeded!
Step Limit Exceeded!
Step Limit Exceeded!
Step Limit Exceeded!
Step Limit Exceeded!
Step Limit Exceeded!
Step Limit Exceeded!
Step Limit Exceeded!
Step Limit Exceeded!
Step Limit Exceeded!
Step Limit Exceeded!
Step Limit Exceeded!
Step Limit Exceeded!
Step Limit Exceeded!
Step Limit Exceeded!
Step Limit Exceeded!
Step Limit Exceeded!
Step Limit Exceeded!
Step Limit Exceeded!
Step Limit Exceeded!
Step Limit Exceeded!
Step Limit Exceeded!
Step Limit Exceeded!
Step Limit Exceeded!
Step Limit Exceeded!
Step Limit Exceeded!
Step Limit Exceeded!
Step Limit Exceeded!
Step Limit Exceeded!
Step Limit Exceeded!
Step Limit Exceeded!
Step Limit Exceeded!
Step Limit Exceeded!
Step Limit Exceeded!
Step Limit Exceeded!
Step Limit Exceeded!
Step Limit Exceeded!
Step Limit Exceeded!
Step Limit Exceeded!
Step Limit Exceeded!
Step Limit Exceeded!
Step Limit Exceeded!
Step Limit Exceeded!
Step Limit Exceeded!
Step Limit Exceeded!
Step Limit Exceeded!
Step Limit Exceeded!
Step Limit Exceeded!
Step Limit Exceeded!
Step Limit Exceeded!
Step Limit Exceeded!
Step Limit Exceeded!
Step Limit Exceeded!
Step Limit Exceeded!
Step Limit Exceeded!
Step Limit Exceeded!
Step Limit Exceeded!
Step Limit Exceeded!
Step Limit Exceeded!
Step Limit Exceeded!
Step Limit Exceeded!
Step Limit Exceeded!
999
873
Step Limit Exceeded!
Step Limit Exceeded!
Step Limit Exceeded!
Step Limit Exceeded!
Step Limit Exceeded!
Step Limit Exceeded!
Step Limit Exceeded!
Step Limit Exceeded!
Step Limit Exceeded!
Step Limit Exceeded!
636
403
824
Step Limit Exceeded!
Step Limit Exceeded!
Step Limit Exceeded!
846
Step Limit Exceeded!
Step Limit Exceeded!
255
Step Limit Exceeded!
987
Step Limit Exceeded!
Step Limit Exceeded!
933
Step Limit Exceeded!
Step Limit Exceeded!
Step Limit Exceeded!
828
Step Limit Exceeded!
Step Limit Exceeded!
Step Limit Exceeded!
Step Limit Exceeded!
Step Limit Exceeded!
Step Limit Exceeded!
829
Step Limit Exceeded!
Step Limit Exceeded!
Step Limit Exceeded!
Step Limit Exceeded!
Step Limit Exceeded!
Step Limit Exceeded!
Step Limit Exceeded!
Step Limit Exceeded!
Step Limit Exceeded!
Step Limit Exceeded!
Step Limit Exceeded!
Step Limit Exceeded!
Step Limit Exceeded!
Step Limit Exceeded!
Step Limit Exceeded!
Step Limit Exceeded!
Step Limit Exceeded!
Step Limit Exceeded!
Step Limit Exceeded!
Step Limit Exceeded!
Step Limit Exceeded!
751
Step Limit Exceeded!
Step Limit Exceeded!
Step Limit Exceeded!
Step Limit Exceeded!
Step Limit Exceeded!
Step Limit Exceeded!
Step Limit Exceeded!
Step Limit Exceeded!
Step Limit Exceeded!
Step Limit Exceeded!
Step Limit Exceeded!
Step Limit Exceeded!
Step Limit Exceeded!
Step Limit Exceeded!
Step Limit Exceeded!
Step Limit Exceeded!
Step Limit Exceeded!
Step Limit Exceeded!
Step Limit Exceeded!
Step Limit Exceeded!
Step Limit Exceeded!
Step Limit Exceeded!
Step Limit Exceeded!
Step Limit Exceeded!
854
514
314
Step Limit Exceeded!
378
527
Step Limit Exceeded!
Step Limit Exceeded!
386
999
418
324
Step Limit Exceeded!
Step Limit Exceeded!
423
Step Limit Exceeded!
448
Step Limit Exceeded!
895
Step Limit Exceeded!
Step Limit Exceeded!
Step Limit Exceeded!
Step Limit Exceeded!
Step Limit Exceeded!
Step Limit Exceeded!
Step Limit Exceeded!
Step Limit Exceeded!
Step Limit Exceeded!
Step Limit Exceeded!
Step Limit Exceeded!
Step Limit Exceeded!
Step Limit Exceeded!
Step Limit Exceeded!
Step Limit Exceeded!
Step Limit Exceeded!
Step Limit Exceeded!
Step Limit Exceeded!
Step Limit Exceeded!
Step Limit Exceeded!
Step Limit Exceeded!
Step Limit Exceeded!
Step Limit Exceeded!
Step Limit Exceeded!
Step Limit Exceeded!
940
Step Limit Exceeded!
775
216
343
394
332
145
486
207
768
574
Step Limit Exceeded!
195
914
188
Step Limit Exceeded!
190
Step Limit Exceeded!
959
608
Step Limit Exceeded!
Step Limit Exceeded!
Step Limit Exceeded!
Step Limit Exceeded!
Step Limit Exceeded!
Step Limit Exceeded!
Step Limit Exceeded!
Step Limit Exceeded!
Step Limit Exceeded!
Step Limit Exceeded!
Step Limit Exceeded!
Step Limit Exceeded!
Step Limit Exceeded!
Step Limit Exceeded!
Step Limit Exceeded!
Step Limit Exceeded!
Step Limit Exceeded!
Step Limit Exceeded!
Step Limit Exceeded!
Step Limit Exceeded!
Step Limit Exceeded!
Step Limit Exceeded!
Step Limit Exceeded!
Step Limit Exceeded!
Step Limit Exceeded!
Step Limit Exceeded!
Step Limit Exceeded!
Step Limit Exceeded!
Step Limit Exceeded!
Step Limit Exceeded!
Step Limit Exceeded!
Step Limit Exceeded!
Step Limit Exceeded!
Step Limit Exceeded!
Step Limit Exceeded!
Step Limit Exceeded!
Step Limit Exceeded!
Step Limit Exceeded!
Step Limit Exceeded!
Step Limit Exceeded!
Step Limit Exceeded!
Step Limit Exceeded!
Step Limit Exceeded!
Step Limit Exceeded!
Step Limit Exceeded!
Step Limit Exceeded!
Step Limit Exceeded!
Step Limit Exceeded!
Step Limit Exceeded!
Step Limit Exceeded!
Step Limit Exceeded!
Step Limit Exceeded!
Step Limit Exceeded!
Step Limit Exceeded!
Step Limit Exceeded!
Step Limit Exceeded!
Step Limit Exceeded!
Step Limit Exceeded!
Step Limit Exceeded!
Step Limit Exceeded!
Step Limit Exceeded!
Step Limit Exceeded!
Step Limit Exceeded!
Step Limit Exceeded!
Step Limit Exceeded!
Step Limit Exceeded!
Step Limit Exceeded!
Step Limit Exceeded!
Step Limit Exceeded!
Step Limit Exceeded!
Step Limit Exceeded!
Step Limit Exceeded!
Step Limit Exceeded!
Step Limit Exceeded!
Step Limit Exceeded!
Step Limit Exceeded!
Step Limit Exceeded!
Step Limit Exceeded!
Step Limit Exceeded!
Step Limit Exceeded!
Step Limit Exceeded!
Step Limit Exceeded!
Step Limit Exceeded!
Step Limit Exceeded!
Step Limit Exceeded!
Step Limit Exceeded!
Step Limit Exceeded!
Step Limit Exceeded!
Step Limit Exceeded!
Step Limit Exceeded!
Step Limit Exceeded!
Step Limit Exceeded!
Step Limit Exceeded!
Step Limit Exceeded!
Step Limit Exceeded!
Step Limit Exceeded!
Step Limit Exceeded!
Step Limit Exceeded!
Step Limit Exceeded!
Step Limit Exceeded!
Step Limit Exceeded!
Step Limit Exceeded!
Step Limit Exceeded!
Step Limit Exceeded!
Step Limit Exceeded!
Step Limit Exceeded!
Step Limit Exceeded!
Step Limit Exceeded!
Step Limit Exceeded!
Step Limit Exceeded!
Step Limit Exceeded!
Step Limit Exceeded!
Step Limit Exceeded!
Step Limit Exceeded!
Step Limit Exceeded!
Step Limit Exceeded!
Step Limit Exceeded!
Step Limit Exceeded!
841
565
202
637
527
376
561
114
358
306
286
190
453
513
387
400
262
767
345
284
935
Step Limit Exceeded!
296
183
598
463
Step Limit Exceeded!
264
726
159
701
431
247
190
279
289
244
Step Limit Exceeded!
Step Limit Exceeded!
411
409
497
408
476
261
566
201
839
748
827
228
327
Step Limit Exceeded!
955
Step Limit Exceeded!
708
793
779
524
459
346
Step Limit Exceeded!
Step Limit Exceeded!
279
284
609
Step Limit Exceeded!
421
581
285
Step Limit Exceeded!
Step Limit Exceeded!
228
618
205
Step Limit Exceeded!
Step Limit Exceeded!
488
485
767
Step Limit Exceeded!
429
502
Step Limit Exceeded!
Step Limit Exceeded!
Step Limit Exceeded!
Step Limit Exceeded!
Step Limit Exceeded!
Step Limit Exceeded!
Step Limit Exceeded!
Step Limit Exceeded!
Step Limit Exceeded!
Step Limit Exceeded!
Step Limit Exceeded!
Step Limit Exceeded!
Step Limit Exceeded!
Step Limit Exceeded!
Step Limit Exceeded!
Step Limit Exceeded!
Step Limit Exceeded!
Step Limit Exceeded!
Step Limit Exceeded!
Step Limit Exceeded!
Step Limit Exceeded!
Step Limit Exceeded!
Step Limit Exceeded!
Step Limit Exceeded!
Step Limit Exceeded!
Step Limit Exceeded!
Step Limit Exceeded!
Step Limit Exceeded!
Step Limit Exceeded!
Step Limit Exceeded!
Step Limit Exceeded!
Step Limit Exceeded!
Step Limit Exceeded!
Step Limit Exceeded!
Step Limit Exceeded!
Step Limit Exceeded!
Step Limit Exceeded!
Step Limit Exceeded!
Step Limit Exceeded!
Step Limit Exceeded!
Step Limit Exceeded!
Step Limit Exceeded!
Step Limit Exceeded!
Step Limit Exceeded!
Step Limit Exceeded!
Step Limit Exceeded!
Step Limit Exceeded!
Step Limit Exceeded!
Step Limit Exceeded!
Step Limit Exceeded!
Step Limit Exceeded!
Step Limit Exceeded!
Step Limit Exceeded!
Step Limit Exceeded!
Step Limit Exceeded!
Step Limit Exceeded!
Step Limit Exceeded!
Step Limit Exceeded!
Step Limit Exceeded!
Step Limit Exceeded!
Step Limit Exceeded!
Step Limit Exceeded!
Step Limit Exceeded!
Step Limit Exceeded!
Step Limit Exceeded!
Step Limit Exceeded!
Step Limit Exceeded!
Step Limit Exceeded!
Step Limit Exceeded!
Step Limit Exceeded!
Step Limit Exceeded!
Step Limit Exceeded!
Step Limit Exceeded!
Step Limit Exceeded!
Step Limit Exceeded!
Step Limit Exceeded!
Step Limit Exceeded!
Step Limit Exceeded!
Step Limit Exceeded!
Step Limit Exceeded!
Step Limit Exceeded!
Step Limit Exceeded!
Step Limit Exceeded!
Step Limit Exceeded!
Step Limit Exceeded!
Step Limit Exceeded!
Step Limit Exceeded!
Step Limit Exceeded!
Step Limit Exceeded!
Step Limit Exceeded!
Step Limit Exceeded!
Step Limit Exceeded!
Step Limit Exceeded!
Step Limit Exceeded!
Step Limit Exceeded!
Step Limit Exceeded!
Step Limit Exceeded!
Step Limit Exceeded!
Step Limit Exceeded!
Step Limit Exceeded!
Step Limit Exceeded!
Step Limit Exceeded!
Step Limit Exceeded!
Step Limit Exceeded!
Step Limit Exceeded!
Step Limit Exceeded!
Step Limit Exceeded!
Step Limit Exceeded!
Step Limit Exceeded!
Step Limit Exceeded!
Step Limit Exceeded!
Step Limit Exceeded!
Step Limit Exceeded!
Step Limit Exceeded!
Step Limit Exceeded!
Step Limit Exceeded!
Step Limit Exceeded!
Step Limit Exceeded!
Step Limit Exceeded!
Step Limit Exceeded!
Step Limit Exceeded!
Step Limit Exceeded!
Step Limit Exceeded!
Step Limit Exceeded!
Step Limit Exceeded!
Step Limit Exceeded!
Step Limit Exceeded!
Step Limit Exceeded!
Step Limit Exceeded!
Step Limit Exceeded!
Step Limit Exceeded!
Step Limit Exceeded!
Step Limit Exceeded!
Step Limit Exceeded!
Step Limit Exceeded!
Step Limit Exceeded!
Step Limit Exceeded!
Step Limit Exceeded!
Step Limit Exceeded!
Step Limit Exceeded!
Step Limit Exceeded!
Step Limit Exceeded!
Step Limit Exceeded!
Step Limit Exceeded!
Step Limit Exceeded!
Step Limit Exceeded!
Step Limit Exceeded!
Step Limit Exceeded!
Step Limit Exceeded!
Step Limit Exceeded!
Step Limit Exceeded!
Step Limit Exceeded!
Step Limit Exceeded!
Step Limit Exceeded!
Step Limit Exceeded!
Step Limit Exceeded!
Step Limit Exceeded!
Step Limit Exceeded!
Step Limit Exceeded!
Step Limit Exceeded!
Step Limit Exceeded!
Step Limit Exceeded!
Step Limit Exceeded!
Step Limit Exceeded!
Step Limit Exceeded!
Step Limit Exceeded!
Step Limit Exceeded!
Step Limit Exceeded!
Step Limit Exceeded!
Step Limit Exceeded!
598
708
322
786
290
439
530
481
668
609
Step Limit Exceeded!
330
256
266
436
152
204
136
170
178
253
160
150
174
146
148
221
532
992
290
Step Limit Exceeded!
Step Limit Exceeded!
Step Limit Exceeded!
Step Limit Exceeded!
Step Limit Exceeded!
Step Limit Exceeded!
Step Limit Exceeded!
Step Limit Exceeded!
Step Limit Exceeded!
Step Limit Exceeded!
Step Limit Exceeded!
Step Limit Exceeded!
Step Limit Exceeded!
Step Limit Exceeded!
Step Limit Exceeded!
Step Limit Exceeded!
Step Limit Exceeded!
Step Limit Exceeded!
Step Limit Exceeded!
914
Step Limit Exceeded!
714
Step Limit Exceeded!
772
Step Limit Exceeded!
Step Limit Exceeded!
Step Limit Exceeded!
Step Limit Exceeded!
Step Limit Exceeded!
Step Limit Exceeded!
Step Limit Exceeded!
Step Limit Exceeded!
Step Limit Exceeded!
Step Limit Exceeded!
Step Limit Exceeded!
Step Limit Exceeded!
Step Limit Exceeded!
Step Limit Exceeded!
Step Limit Exceeded!
Step Limit Exceeded!
Step Limit Exceeded!
Step Limit Exceeded!
Step Limit Exceeded!
Step Limit Exceeded!
Step Limit Exceeded!
Step Limit Exceeded!
Step Limit Exceeded!
Step Limit Exceeded!
Step Limit Exceeded!
Step Limit Exceeded!
Step Limit Exceeded!
Step Limit Exceeded!
Step Limit Exceeded!
Step Limit Exceeded!
Step Limit Exceeded!
Step Limit Exceeded!
Step Limit Exceeded!
Step Limit Exceeded!
Step Limit Exceeded!
Step Limit Exceeded!
Step Limit Exceeded!
Step Limit Exceeded!
Step Limit Exceeded!
Step Limit Exceeded!
Step Limit Exceeded!
Step Limit Exceeded!
Step Limit Exceeded!
Step Limit Exceeded!
Step Limit Exceeded!
Step Limit Exceeded!
Step Limit Exceeded!
Step Limit Exceeded!
Step Limit Exceeded!
Step Limit Exceeded!
Step Limit Exceeded!
Step Limit Exceeded!
Step Limit Exceeded!
Step Limit Exceeded!
Step Limit Exceeded!
Step Limit Exceeded!
Step Limit Exceeded!
Step Limit Exceeded!
Step Limit Exceeded!
Step Limit Exceeded!
Step Limit Exceeded!
Step Limit Exceeded!
Step Limit Exceeded!
Step Limit Exceeded!
Step Limit Exceeded!
Step Limit Exceeded!
Step Limit Exceeded!
Step Limit Exceeded!
Step Limit Exceeded!
Step Limit Exceeded!
Step Limit Exceeded!
Step Limit Exceeded!
Step Limit Exceeded!
Step Limit Exceeded!
Step Limit Exceeded!
Step Limit Exceeded!
Step Limit Exceeded!
Step Limit Exceeded!
Step Limit Exceeded!
Step Limit Exceeded!
Step Limit Exceeded!
Step Limit Exceeded!
Step Limit Exceeded!
Step Limit Exceeded!
Step Limit Exceeded!
Step Limit Exceeded!
Step Limit Exceeded!
Step Limit Exceeded!
Step Limit Exceeded!
Step Limit Exceeded!
Step Limit Exceeded!
Step Limit Exceeded!
Step Limit Exceeded!
Step Limit Exceeded!
Step Limit Exceeded!
Step Limit Exceeded!
Step Limit Exceeded!
Step Limit Exceeded!
Step Limit Exceeded!
Step Limit Exceeded!
Step Limit Exceeded!
Step Limit Exceeded!
Step Limit Exceeded!
Step Limit Exceeded!
Step Limit Exceeded!
Step Limit Exceeded!
Step Limit Exceeded!
Step Limit Exceeded!
Step Limit Exceeded!
Step Limit Exceeded!
Step Limit Exceeded!
Step Limit Exceeded!
Step Limit Exceeded!
Step Limit Exceeded!
Step Limit Exceeded!
Step Limit Exceeded!
Step Limit Exceeded!
Step Limit Exceeded!
Step Limit Exceeded!
Step Limit Exceeded!
Step Limit Exceeded!
Step Limit Exceeded!
Step Limit Exceeded!
Step Limit Exceeded!
Step Limit Exceeded!
Step Limit Exceeded!
Step Limit Exceeded!
Step Limit Exceeded!
Step Limit Exceeded!
Step Limit Exceeded!
908
812
498
910
Step Limit Exceeded!
Step Limit Exceeded!
Step Limit Exceeded!
Step Limit Exceeded!
Step Limit Exceeded!
Step Limit Exceeded!
Step Limit Exceeded!
Step Limit Exceeded!
Step Limit Exceeded!
Step Limit Exceeded!
Step Limit Exceeded!
Step Limit Exceeded!
Step Limit Exceeded!
Step Limit Exceeded!
Step Limit Exceeded!
Step Limit Exceeded!
Step Limit Exceeded!
Step Limit Exceeded!
Step Limit Exceeded!
Step Limit Exceeded!
Step Limit Exceeded!
Step Limit Exceeded!
Step Limit Exceeded!
Step Limit Exceeded!
Step Limit Exceeded!
Step Limit Exceeded!
Step Limit Exceeded!
Step Limit Exceeded!
Step Limit Exceeded!
Step Limit Exceeded!
Step Limit Exceeded!
Step Limit Exceeded!
Step Limit Exceeded!
Step Limit Exceeded!
Step Limit Exceeded!
Step Limit Exceeded!
Step Limit Exceeded!
Step Limit Exceeded!
Step Limit Exceeded!
Step Limit Exceeded!
Step Limit Exceeded!
Step Limit Exceeded!
Step Limit Exceeded!
Step Limit Exceeded!
Step Limit Exceeded!
Step Limit Exceeded!
Step Limit Exceeded!
Step Limit Exceeded!
Step Limit Exceeded!
Step Limit Exceeded!
Step Limit Exceeded!
Step Limit Exceeded!
Step Limit Exceeded!
Step Limit Exceeded!
Step Limit Exceeded!
Step Limit Exceeded!
Step Limit Exceeded!
Step Limit Exceeded!
Step Limit Exceeded!
Step Limit Exceeded!
Step Limit Exceeded!
Step Limit Exceeded!
Step Limit Exceeded!
Step Limit Exceeded!
Step Limit Exceeded!
Step Limit Exceeded!
784
320
412
526
Step Limit Exceeded!
260
997
436
411
919
437
Step Limit Exceeded!
Step Limit Exceeded!
625
889
801
442
Step Limit Exceeded!
202
970
580
608
Step Limit Exceeded!
203
504
895
845
Step Limit Exceeded!
367
900
914
Step Limit Exceeded!
195
439
261
820
Step Limit Exceeded!
633
474
431
Step Limit Exceeded!
727
483
750
563
613
743
196
794
Step Limit Exceeded!
276
Step Limit Exceeded!
557
Step Limit Exceeded!
327
327
402
Step Limit Exceeded!
378
356
153
Step Limit Exceeded!
330
Step Limit Exceeded!
289
978
733
Step Limit Exceeded!
849
586
774
Step Limit Exceeded!
468
190
Step Limit Exceeded!
Step Limit Exceeded!
Matplotlib created a temporary config/cache directory at /tmp/matplotlib-iz_c9j5g because the default path (/home/s/sutton/njqgame/.config/matplotlib) is not a writable directory; it is highly recommended to set the MPLCONFIGDIR environment variable to a writable directory, in particular to speed up the import of Matplotlib and to better support multiprocessing.
Program test finished with exit code 0 at: Tue May 11 07:59:33 EDT 2021

scontrol show jobid 5289904
JobId=5289904 JobName=MountainCarGymNumFeat_DQN_Agent_num
   UserId=njqgame(3108162) GroupId=sutton(6000291) MCS_label=N/A
   Priority=548119 Nice=0 Account=def-sutton QOS=normal
   JobState=COMPLETED Reason=None Dependency=(null)
   Requeue=0 Restarts=0 BatchFlag=1 Reboot=0 ExitCode=0:0
   RunTime=00:18:17 TimeLimit=02:59:00 TimeMin=N/A
   SubmitTime=2021-05-11T07:40:01 EligibleTime=2021-05-11T07:40:01
   AccrueTime=2021-05-11T07:40:01
   StartTime=2021-05-11T07:41:18 EndTime=2021-05-11T07:59:35 Deadline=N/A
   SuspendTime=None SecsPreSuspend=0 LastSchedEval=2021-05-11T07:41:18
   Partition=compute AllocNode:Sid=nia-login06:92483
   ReqNodeList=(null) ExcNodeList=(null)
   NodeList=nia1779
   BatchHost=nia1779
   NumNodes=1 NumCPUs=80 NumTasks=40 CPUs/Task=1 ReqB:S:C:T=0:0:*:*
   TRES=cpu=80,mem=175000M,node=1,billing=40
   Socks/Node=* NtasksPerN:B:S:C=40:0:*:* CoreSpec=*
   MinCPUsNode=40 MinMemoryNode=175000M MinTmpDiskNode=0
   Features=[skylake|cascade] DelayBoot=00:00:00
   OverSubscribe=NO Contiguous=0 Licenses=(null) Network=(null)
   Command=/gpfs/fs0/scratch/s/sutton/njqgame/OffpolicyAlgorithms/Submit_Jobs.SL
   WorkDir=/gpfs/fs0/scratch/s/sutton/njqgame/OffpolicyAlgorithms
   StdErr=/gpfs/fs0/scratch/s/sutton/njqgame/OffpolicyAlgorithms/slurm-5289904.out
   StdIn=/dev/null
   StdOut=/gpfs/fs0/scratch/s/sutton/njqgame/OffpolicyAlgorithms/slurm-5289904.out
   Power=
   MailUser=njqgame@scinet.local MailType=NONE

sacct -j 5289904
       JobID    JobName    Account    Elapsed  MaxVMSize     MaxRSS  SystemCPU    UserCPU ExitCode 
------------ ---------- ---------- ---------- ---------- ---------- ---------- ---------- -------- 
5289904      MountainC+ def-sutton   00:18:17                        00:00.830   01:22:35      0:0 
5289904.bat+      batch def-sutton   00:18:17   1791228K     53856K  00:00.830  00:01.122      0:0 
5289904.ext+     extern def-sutton   00:18:17   2600292K    194740K   00:00:00   01:22:34      0:0 
