/var/spool/slurm/slurmd/job5106550/slurm_script: line 25: /home/s/sutton/njqgame/RLENV/bin/activate: No such file or directory
The number of available cores is echo 
Current working directory is /gpfs/fs0/scratch/s/sutton/njqgame/OffpolicyAlgorithms
Running on hostname nia1991.scinet.local
Starting run at: Mon Apr  5 13:12:41 EDT 2021
MountainCar
Program test finished with exit code 0 at: Mon Apr  5 13:13:57 EDT 2021

scontrol show jobid 5106550
JobId=5106550 JobName=MountainCarTileCodingFeat_SARSA
   UserId=njqgame(3108162) GroupId=sutton(6000291) MCS_label=N/A
   Priority=455079 Nice=0 Account=def-sutton QOS=normal
   JobState=COMPLETING Reason=None Dependency=(null)
   Requeue=0 Restarts=0 BatchFlag=1 Reboot=0 ExitCode=0:0
   RunTime=00:01:19 TimeLimit=02:59:00 TimeMin=N/A
   SubmitTime=2021-04-05T08:27:15 EligibleTime=2021-04-05T08:27:15
   AccrueTime=2021-04-05T08:27:15
   StartTime=2021-04-05T13:12:38 EndTime=2021-04-05T13:13:57 Deadline=N/A
   SuspendTime=None SecsPreSuspend=0 LastSchedEval=2021-04-05T13:12:38
   Partition=compute AllocNode:Sid=nia-login01:74744
   ReqNodeList=(null) ExcNodeList=(null)
   NodeList=nia1991
   BatchHost=nia1991
   NumNodes=1 NumCPUs=80 NumTasks=40 CPUs/Task=1 ReqB:S:C:T=0:0:*:*
   TRES=cpu=80,mem=175000M,node=1,billing=40
   Socks/Node=* NtasksPerN:B:S:C=40:0:*:* CoreSpec=*
   MinCPUsNode=40 MinMemoryNode=175000M MinTmpDiskNode=0
   Features=[skylake|cascade] DelayBoot=00:00:00
   OverSubscribe=NO Contiguous=0 Licenses=(null) Network=(null)
   Command=/gpfs/fs0/scratch/s/sutton/njqgame/OffpolicyAlgorithms/Submit_Jobs.SL
   WorkDir=/gpfs/fs0/scratch/s/sutton/njqgame/OffpolicyAlgorithms
   StdErr=/gpfs/fs0/scratch/s/sutton/njqgame/OffpolicyAlgorithms/slurm-5106550.out
   StdIn=/dev/null
   StdOut=/gpfs/fs0/scratch/s/sutton/njqgame/OffpolicyAlgorithms/slurm-5106550.out
   Power=
   MailUser=njqgame@scinet.local MailType=NONE

sacct -j 5106550
       JobID    JobName    Account    Elapsed  MaxVMSize     MaxRSS  SystemCPU    UserCPU ExitCode 
------------ ---------- ---------- ---------- ---------- ---------- ---------- ---------- -------- 
5106550      MountainC+ def-sutton   00:01:20                         00:00:00   00:00:00      0:0 
5106550.bat+      batch def-sutton   00:01:20                         00:00:00   00:00:00      0:0 
5106550.ext+     extern def-sutton   00:01:20                         00:00:00   00:00:00      0:0 
