SystemExit: 2
usage: virtualenv [--version] [--with-traceback] [-v | -q] [--app-data APP_DATA] [--reset-app-data] [--upgrade-embed-wheels] [--discovery {builtin}] [-p py] [--creator {builtin,cpython3-posix,venv}] [--seeder {app-data,pip}] [--no-seed]
                  [--activators comma_sep_list] [--clear] [--system-site-packages] [--symlinks | --copies] [--no-download | --download] [--extra-search-dir d [d ...]] [--pip version] [--setuptools version] [--wheel version] [--no-pip]
                  [--no-setuptools] [--no-wheel] [--no-periodic-update] [--symlink-app-data] [--prompt prompt] [-h]
                  dest
virtualenv: error: argument dest: the destination . is not write-able at /gpfs/fs1/home/s/sutton/njqgame
/var/spool/slurm/slurmd/job5289740/slurm_script: line 27: /home/s/sutton/njqgame/DQNENV/bin/activate: No such file or directory
WARNING: The directory '/gpfs/fs1/home/s/sutton/njqgame/.cache/pip' or its parent directory is not owned or is not writable by the current user. The cache has been disabled. Check the permissions and owner of that directory. If executing pip with sudo, you may want sudo's -H flag.
Defaulting to user installation because normal site-packages is not writeable
Requirement already satisfied: torch in /gpfs/fs1/home/s/sutton/njqgame/.local/lib/python3.8/site-packages (1.8.1)
Requirement already satisfied: torchvision in /gpfs/fs1/home/s/sutton/njqgame/.local/lib/python3.8/site-packages (0.9.1)
WARNING: Retrying (Retry(total=4, connect=None, read=None, redirect=None, status=None)) after connection broken by 'NewConnectionError('<pip._vendor.urllib3.connection.HTTPSConnection object at 0x2b9756516790>: Failed to establish a new connection: [Errno 101] Network is unreachable')': /simple/torchtext/
WARNING: Retrying (Retry(total=3, connect=None, read=None, redirect=None, status=None)) after connection broken by 'NewConnectionError('<pip._vendor.urllib3.connection.HTTPSConnection object at 0x2b9756516f70>: Failed to establish a new connection: [Errno 101] Network is unreachable')': /simple/torchtext/
WARNING: Retrying (Retry(total=2, connect=None, read=None, redirect=None, status=None)) after connection broken by 'NewConnectionError('<pip._vendor.urllib3.connection.HTTPSConnection object at 0x2b9756516910>: Failed to establish a new connection: [Errno 101] Network is unreachable')': /simple/torchtext/
WARNING: Retrying (Retry(total=1, connect=None, read=None, redirect=None, status=None)) after connection broken by 'NewConnectionError('<pip._vendor.urllib3.connection.HTTPSConnection object at 0x2b9756516490>: Failed to establish a new connection: [Errno 101] Network is unreachable')': /simple/torchtext/
WARNING: Retrying (Retry(total=0, connect=None, read=None, redirect=None, status=None)) after connection broken by 'NewConnectionError('<pip._vendor.urllib3.connection.HTTPSConnection object at 0x2b9756516e50>: Failed to establish a new connection: [Errno 101] Network is unreachable')': /simple/torchtext/
ERROR: Could not find a version that satisfies the requirement torchtext (from versions: none)
ERROR: No matching distribution found for torchtext
The number of available cores is echo 
Current working directory is /gpfs/fs0/scratch/s/sutton/njqgame/OffpolicyAlgorithms
Running on hostname nia1416.scinet.local
Starting run at: Tue May 11 06:35:18 EDT 2021
MountainCar-v0
Step Limit Exceeded!
Step Limit Exceeded!
Step Limit Exceeded!
999
383
561
855
639
434
325
210
423
193
323
183
239
206
161
158
182
128
168
128
216
178
159
162
169
117
118
119
190
152
182
163
152
174
153
137
111
154
166
161
167
149
145
205
159
149
146
151
146
151
173
401
216
220
145
195
217
150
144
160
232
143
152
146
148
208
152
318
148
159
140
169
270
181
262
205
211
208
222
329
244
230
126
200
124
200
175
132
122
161
137
154
165
165
150
165
150
Step Limit Exceeded!
Step Limit Exceeded!
Step Limit Exceeded!
Step Limit Exceeded!
Step Limit Exceeded!
Step Limit Exceeded!
Step Limit Exceeded!
Step Limit Exceeded!
Step Limit Exceeded!
Step Limit Exceeded!
Step Limit Exceeded!
751
Step Limit Exceeded!
Step Limit Exceeded!
Step Limit Exceeded!
Step Limit Exceeded!
Step Limit Exceeded!
Step Limit Exceeded!
Step Limit Exceeded!
Step Limit Exceeded!
Step Limit Exceeded!
Step Limit Exceeded!
Step Limit Exceeded!
Step Limit Exceeded!
Step Limit Exceeded!
Step Limit Exceeded!
Step Limit Exceeded!
Step Limit Exceeded!
Step Limit Exceeded!
739
957
Step Limit Exceeded!
Step Limit Exceeded!
751
Step Limit Exceeded!
186
677
669
Step Limit Exceeded!
238
385
459
567
634
720
Step Limit Exceeded!
449
477
658
755
330
574
669
874
Step Limit Exceeded!
774
464
268
822
926
283
608
Step Limit Exceeded!
345
558
668
704
701
626
670
Step Limit Exceeded!
405
487
505
487
885
Step Limit Exceeded!
587
651
558
Step Limit Exceeded!
Step Limit Exceeded!
Step Limit Exceeded!
345
944
267
Step Limit Exceeded!
493
270
237
283
365
378
Step Limit Exceeded!
848
463
984
936
Step Limit Exceeded!
450
Step Limit Exceeded!
Step Limit Exceeded!
Step Limit Exceeded!
Step Limit Exceeded!
Step Limit Exceeded!
Step Limit Exceeded!
Step Limit Exceeded!
Step Limit Exceeded!
Step Limit Exceeded!
Step Limit Exceeded!
Step Limit Exceeded!
Step Limit Exceeded!
Step Limit Exceeded!
287
355
474
658
326
589
509
891
491
584
Step Limit Exceeded!
Step Limit Exceeded!
360
337
217
360
566
750
961
752
984
381
Step Limit Exceeded!
650
454
483
Step Limit Exceeded!
Step Limit Exceeded!
598
393
960
928
988
367
813
676
717
860
599
597
717
560
Step Limit Exceeded!
458
639
Step Limit Exceeded!
Step Limit Exceeded!
Step Limit Exceeded!
Step Limit Exceeded!
470
573
702
167
280
299
194
485
269
Step Limit Exceeded!
Step Limit Exceeded!
Step Limit Exceeded!
Step Limit Exceeded!
Step Limit Exceeded!
Step Limit Exceeded!
Step Limit Exceeded!
Step Limit Exceeded!
Step Limit Exceeded!
Step Limit Exceeded!
Step Limit Exceeded!
Step Limit Exceeded!
549
Step Limit Exceeded!
712
268
305
214
224
283
271
Step Limit Exceeded!
298
Step Limit Exceeded!
Step Limit Exceeded!
Step Limit Exceeded!
Step Limit Exceeded!
678
203
Step Limit Exceeded!
Step Limit Exceeded!
300
Step Limit Exceeded!
Step Limit Exceeded!
371
972
373
323
259
305
319
306
338
315
167
136
178
204
240
138
135
146
147
175
145
172
174
201
158
145
137
147
145
143
189
153
146
142
162
253
154
215
155
205
154
177
169
114
147
141
147
158
164
152
145
149
147
158
147
146
149
150
148
142
140
144
137
217
205
136
140
142
139
145
194
138
198
214
187
195
149
358
146
144
190
148
321
188
147
147
206
138
142
138
172
230
147
142
210
Step Limit Exceeded!
Step Limit Exceeded!
Step Limit Exceeded!
575
441
368
855
786
Step Limit Exceeded!
Step Limit Exceeded!
Step Limit Exceeded!
348
193
503
616
319
395
196
206
149
235
215
237
186
289
305
215
249
157
162
153
163
265
153
246
152
239
147
146
140
173
160
140
148
156
143
148
139
202
248
301
569
283
277
445
771
243
229
230
289
220
177
129
158
162
157
170
162
161
154
147
149
148
148
150
149
147
146
141
151
148
249
152
150
147
154
146
144
156
141
139
144
144
153
219
300
256
194
119
192
Step Limit Exceeded!
Step Limit Exceeded!
Step Limit Exceeded!
868
Step Limit Exceeded!
Step Limit Exceeded!
Step Limit Exceeded!
Step Limit Exceeded!
Step Limit Exceeded!
Step Limit Exceeded!
Step Limit Exceeded!
Step Limit Exceeded!
451
Step Limit Exceeded!
Step Limit Exceeded!
Step Limit Exceeded!
Step Limit Exceeded!
Step Limit Exceeded!
Step Limit Exceeded!
Step Limit Exceeded!
Step Limit Exceeded!
Step Limit Exceeded!
Step Limit Exceeded!
Step Limit Exceeded!
588
526
488
415
498
374
632
425
436
325
441
613
406
233
333
277
222
222
393
167
266
207
263
220
209
211
242
164
172
201
149
255
163
171
162
240
162
159
311
228
176
182
234
149
147
263
262
309
397
290
950
493
770
266
267
193
240
538
318
237
368
238
238
235
284
166
166
178
157
165
166
193
155
162
155
199
Step Limit Exceeded!
Step Limit Exceeded!
785
Step Limit Exceeded!
Step Limit Exceeded!
Step Limit Exceeded!
Step Limit Exceeded!
Step Limit Exceeded!
Step Limit Exceeded!
Step Limit Exceeded!
779
Step Limit Exceeded!
354
602
226
720
412
807
782
710
536
769
697
Step Limit Exceeded!
712
795
460
Step Limit Exceeded!
483
474
553
Step Limit Exceeded!
427
Step Limit Exceeded!
Step Limit Exceeded!
513
701
707
669
Step Limit Exceeded!
606
830
Step Limit Exceeded!
Step Limit Exceeded!
608
574
768
Step Limit Exceeded!
547
485
481
Step Limit Exceeded!
465
527
892
Step Limit Exceeded!
469
526
454
681
Step Limit Exceeded!
424
503
652
571
904
Step Limit Exceeded!
298
329
279
496
380
Step Limit Exceeded!
817
827
Step Limit Exceeded!
374
657
342
570
Step Limit Exceeded!
671
435
Step Limit Exceeded!
480
474
661
659
Step Limit Exceeded!
Step Limit Exceeded!
708
664
980
Step Limit Exceeded!
669
582
Step Limit Exceeded!
Step Limit Exceeded!
446
310
Step Limit Exceeded!
Step Limit Exceeded!
658
201
536
788
422
745
662
356
301
194
298
280
219
210
290
215
227
227
161
125
212
167
160
207
196
158
170
185
175
183
171
137
127
145
167
211
158
120
194
233
172
150
144
136
141
165
156
145
162
143
155
134
142
151
145
151
311
161
143
216
147
205
224
147
147
245
427
206
149
146
268
215
224
228
235
200
254
199
158
183
157
163
166
166
186
162
183
118
183
121
171
187
246
194
120
116
138
153
Step Limit Exceeded!
Step Limit Exceeded!
Step Limit Exceeded!
Step Limit Exceeded!
Step Limit Exceeded!
Step Limit Exceeded!
Step Limit Exceeded!
Step Limit Exceeded!
Step Limit Exceeded!
Step Limit Exceeded!
999
264
537
574
706
538
282
292
208
312
280
308
199
464
303
208
182
172
230
169
160
150
153
165
379
148
162
164
167
167
227
146
214
210
147
285
142
149
150
158
141
224
142
141
195
265
215
253
191
207
207
207
296
162
630
280
543
340
509
305
196
160
110
249
167
168
231
151
156
202
207
217
149
182
177
180
240
179
414
769
182
175
197
184
161
153
298
285
194
190
881
Step Limit Exceeded!
762
Step Limit Exceeded!
282
368
352
167
169
153
324
165
214
248
212
269
214
198
174
158
195
176
145
205
205
192
265
213
164
153
156
202
172
178
159
160
153
155
280
159
176
147
170
140
146
258
206
148
186
143
206
171
311
145
255
151
154
143
226
280
234
221
234
408
237
168
239
159
276
Step Limit Exceeded!
Step Limit Exceeded!
Step Limit Exceeded!
Step Limit Exceeded!
711
346
184
185
160
194
157
174
130
222
206
161
169
131
147
155
191
244
193
132
130
220
144
156
120
238
150
Matplotlib created a temporary config/cache directory at /tmp/matplotlib-an5pted2 because the default path (/home/s/sutton/njqgame/.config/matplotlib) is not a writable directory; it is highly recommended to set the MPLCONFIGDIR environment variable to a writable directory, in particular to speed up the import of Matplotlib and to better support multiprocessing.
Program test finished with exit code 0 at: Tue May 11 06:44:25 EDT 2021

scontrol show jobid 5289740
JobId=5289740 JobName=MountainCarGymNumFeat_DQN_Agent_num
   UserId=njqgame(3108162) GroupId=sutton(6000291) MCS_label=N/A
   Priority=548119 Nice=0 Account=def-sutton QOS=normal
   JobState=COMPLETING Reason=None Dependency=(null)
   Requeue=0 Restarts=0 BatchFlag=1 Reboot=0 ExitCode=0:0
   RunTime=00:15:45 TimeLimit=02:59:00 TimeMin=N/A
   SubmitTime=2021-05-11T06:28:15 EligibleTime=2021-05-11T06:28:15
   AccrueTime=2021-05-11T06:28:15
   StartTime=2021-05-11T06:28:42 EndTime=2021-05-11T06:44:27 Deadline=N/A
   SuspendTime=None SecsPreSuspend=0 LastSchedEval=2021-05-11T06:28:42
   Partition=compute AllocNode:Sid=nia-login07:197128
   ReqNodeList=(null) ExcNodeList=(null)
   NodeList=nia1416
   BatchHost=nia1416
   NumNodes=1 NumCPUs=80 NumTasks=40 CPUs/Task=1 ReqB:S:C:T=0:0:*:*
   TRES=cpu=80,mem=175000M,node=1,billing=40
   Socks/Node=* NtasksPerN:B:S:C=40:0:*:* CoreSpec=*
   MinCPUsNode=40 MinMemoryNode=175000M MinTmpDiskNode=0
   Features=[skylake|cascade] DelayBoot=00:00:00
   OverSubscribe=NO Contiguous=0 Licenses=(null) Network=(null)
   Command=/gpfs/fs0/scratch/s/sutton/njqgame/OffpolicyAlgorithms/Submit_Jobs.SL
   WorkDir=/gpfs/fs0/scratch/s/sutton/njqgame/OffpolicyAlgorithms
   StdErr=/gpfs/fs0/scratch/s/sutton/njqgame/OffpolicyAlgorithms/slurm-5289740.out
   StdIn=/dev/null
   StdOut=/gpfs/fs0/scratch/s/sutton/njqgame/OffpolicyAlgorithms/slurm-5289740.out
   Power=
   MailUser=njqgame@scinet.local MailType=NONE

sacct -j 5289740
       JobID    JobName    Account    Elapsed  MaxVMSize     MaxRSS  SystemCPU    UserCPU ExitCode 
------------ ---------- ---------- ---------- ---------- ---------- ---------- ---------- -------- 
5289740      MountainC+ def-sutton   00:15:45                        00:00.693  08:44.238      0:0 
5289740.bat+      batch def-sutton   00:15:45    467364K     36780K  00:00.693  00:01.237      0:0 
5289740.ext+     extern def-sutton   00:15:45   2600292K    191344K   00:00:00   00:08:43      0:0 
