/var/spool/slurm/slurmd/job5087097/slurm_script: line 25: /home/s/sutton/njqgame/RLENV/bin/activate: No such file or directory
The number of available cores is echo 
Current working directory is /gpfs/fs0/scratch/s/sutton/njqgame/OffpolicyAlgorithms
Running on hostname nia1999.scinet.local
Starting run at: Fri Apr  2 14:25:52 EDT 2021
MountainCar
MountainCar
MountainCar
MountainCar
Step Limit Exceeded!
Step Limit Exceeded!
Step Limit Exceeded!
Step Limit Exceeded!
Step Limit Exceeded!
Step Limit Exceeded!
Step Limit Exceeded!
Step Limit Exceeded!
Step Limit Exceeded!
Step Limit Exceeded!
Step Limit Exceeded!
Step Limit Exceeded!
Step Limit Exceeded!
Step Limit Exceeded!
Step Limit Exceeded!
Step Limit Exceeded!
Step Limit Exceeded!
Step Limit Exceeded!
Step Limit Exceeded!
Step Limit Exceeded!
Step Limit Exceeded!
Step Limit Exceeded!
Step Limit Exceeded!
Step Limit Exceeded!
Step Limit Exceeded!
Step Limit Exceeded!
slurmstepd: error: *** JOB 5087097 ON nia1999 CANCELLED AT 2021-04-02T17:24:57 DUE TO TIME LIMIT ***

scontrol show jobid 5087097
JobId=5087097 JobName=MountainCarTileCodingFeat_EQH
   UserId=njqgame(3108162) GroupId=sutton(6000291) MCS_label=N/A
   Priority=483043 Nice=0 Account=def-sutton QOS=normal
   JobState=COMPLETING Reason=TimeLimit Dependency=(null)
   Requeue=0 Restarts=0 BatchFlag=1 Reboot=0 ExitCode=0:15
   RunTime=02:59:09 TimeLimit=02:59:00 TimeMin=N/A
   SubmitTime=2021-04-02T02:59:24 EligibleTime=2021-04-02T02:59:24
   AccrueTime=2021-04-02T02:59:24
   StartTime=2021-04-02T14:25:48 EndTime=2021-04-02T17:24:57 Deadline=N/A
   SuspendTime=None SecsPreSuspend=0 LastSchedEval=2021-04-02T14:25:48
   Partition=compute AllocNode:Sid=nia-login05:245955
   ReqNodeList=(null) ExcNodeList=(null)
   NodeList=nia1999
   BatchHost=nia1999
   NumNodes=1 NumCPUs=80 NumTasks=40 CPUs/Task=1 ReqB:S:C:T=0:0:*:*
   TRES=cpu=80,mem=175000M,node=1,billing=40
   Socks/Node=* NtasksPerN:B:S:C=40:0:*:* CoreSpec=*
   MinCPUsNode=40 MinMemoryNode=175000M MinTmpDiskNode=0
   Features=[skylake|cascade] DelayBoot=00:00:00
   OverSubscribe=NO Contiguous=0 Licenses=(null) Network=(null)
   Command=/gpfs/fs0/scratch/s/sutton/njqgame/OffpolicyAlgorithms/Submit_Jobs.SL
   WorkDir=/gpfs/fs0/scratch/s/sutton/njqgame/OffpolicyAlgorithms
   StdErr=/gpfs/fs0/scratch/s/sutton/njqgame/OffpolicyAlgorithms/slurm-5087097.out
   StdIn=/dev/null
   StdOut=/gpfs/fs0/scratch/s/sutton/njqgame/OffpolicyAlgorithms/slurm-5087097.out
   Power=
   MailUser=njqgame@scinet.local MailType=NONE

sacct -j 5087097
       JobID    JobName    Account    Elapsed  MaxVMSize     MaxRSS  SystemCPU    UserCPU ExitCode 
------------ ---------- ---------- ---------- ---------- ---------- ---------- ---------- -------- 
5087097      MountainC+ def-sutton   02:59:09                        00:00.204  00:00.250      0:0 
5087097.bat+      batch def-sutton   02:59:12   1412988K     45492K  00:00.204  00:00.250     0:15 
5087097.ext+     extern def-sutton   02:59:09    138360K       880K   00:00:00   00:00:00      0:0 
